Sun Oct 14 12:05:09 2018 : Info: Debug state unknown (cap_sys_ptrace capability not set)
Sun Oct 14 12:05:09 2018 : Info: rlm_sql (sql): Driver rlm_sql_mysql (module rlm_sql_mysql) loaded and linked
Sun Oct 14 12:05:09 2018 : Error: /etc/freeradius/mods-enabled/eap[14]: Failed to find 'Auth-Type EAP' section.  Cannot authenticate users.
Sun Oct 14 12:05:09 2018 : Error: /etc/freeradius/mods-enabled/eap[14]: Instantiation failed for module "eap"
Sun Oct 14 12:05:12 2018 : Info: Debug state unknown (cap_sys_ptrace capability not set)
Sun Oct 14 12:05:12 2018 : Info: rlm_sql (sql): Driver rlm_sql_mysql (module rlm_sql_mysql) loaded and linked
Sun Oct 14 12:05:12 2018 : Error: /etc/freeradius/mods-enabled/eap[14]: Failed to find 'Auth-Type EAP' section.  Cannot authenticate users.
Sun Oct 14 12:05:12 2018 : Error: /etc/freeradius/mods-enabled/eap[14]: Instantiation failed for module "eap"
Sun Oct 14 12:05:14 2018 : Info: Debug state unknown (cap_sys_ptrace capability not set)
Sun Oct 14 12:05:14 2018 : Info: rlm_sql (sql): Driver rlm_sql_mysql (module rlm_sql_mysql) loaded and linked
Sun Oct 14 12:05:14 2018 : Error: /etc/freeradius/mods-enabled/eap[14]: Failed to find 'Auth-Type EAP' section.  Cannot authenticate users.
Sun Oct 14 12:05:14 2018 : Error: /etc/freeradius/mods-enabled/eap[14]: Instantiation failed for module "eap"
Sun Oct 14 12:05:16 2018 : Info: Debug state unknown (cap_sys_ptrace capability not set)
Sun Oct 14 12:05:16 2018 : Info: rlm_sql (sql): Driver rlm_sql_mysql (module rlm_sql_mysql) loaded and linked
Sun Oct 14 12:05:16 2018 : Error: /etc/freeradius/mods-enabled/eap[14]: Failed to find 'Auth-Type EAP' section.  Cannot authenticate users.
Sun Oct 14 12:05:16 2018 : Error: /etc/freeradius/mods-enabled/eap[14]: Instantiation failed for module "eap"
Sun Oct 14 12:05:18 2018 : Info: Debug state unknown (cap_sys_ptrace capability not set)
Sun Oct 14 12:05:18 2018 : Info: rlm_sql (sql): Driver rlm_sql_mysql (module rlm_sql_mysql) loaded and linked
Sun Oct 14 12:05:18 2018 : Error: /etc/freeradius/mods-enabled/eap[14]: Failed to find 'Auth-Type EAP' section.  Cannot authenticate users.
Sun Oct 14 12:05:18 2018 : Error: /etc/freeradius/mods-enabled/eap[14]: Instantiation failed for module "eap"
Sun Oct 14 12:05:20 2018 : Info: Debug state unknown (cap_sys_ptrace capability not set)
Sun Oct 14 12:05:20 2018 : Info: rlm_sql (sql): Driver rlm_sql_mysql (module rlm_sql_mysql) loaded and linked
Sun Oct 14 12:05:20 2018 : Error: /etc/freeradius/mods-enabled/eap[14]: Failed to find 'Auth-Type EAP' section.  Cannot authenticate users.
Sun Oct 14 12:05:20 2018 : Error: /etc/freeradius/mods-enabled/eap[14]: Instantiation failed for module "eap"
Sun Oct 14 12:05:24 2018 : Info: Debug state unknown (cap_sys_ptrace capability not set)
Sun Oct 14 12:05:24 2018 : Info: rlm_sql (sql): Driver rlm_sql_mysql (module rlm_sql_mysql) loaded and linked
Sun Oct 14 12:05:24 2018 : Error: /etc/freeradius/mods-enabled/eap[14]: Failed to find 'Auth-Type EAP' section.  Cannot authenticate users.
Sun Oct 14 12:05:24 2018 : Error: /etc/freeradius/mods-enabled/eap[14]: Instantiation failed for module "eap"
Sun Oct 14 12:05:32 2018 : Info: Debug state unknown (cap_sys_ptrace capability not set)
Sun Oct 14 12:05:32 2018 : Info: rlm_sql (sql): Driver rlm_sql_mysql (module rlm_sql_mysql) loaded and linked
Sun Oct 14 12:05:32 2018 : Error: /etc/freeradius/mods-enabled/eap[14]: Failed to find 'Auth-Type EAP' section.  Cannot authenticate users.
Sun Oct 14 12:05:32 2018 : Error: /etc/freeradius/mods-enabled/eap[14]: Instantiation failed for module "eap"
Sun Oct 14 12:06:20 2018 : Info: Debug state unknown (cap_sys_ptrace capability not set)
Sun Oct 14 12:06:20 2018 : Info: rlm_sql (sql): Driver rlm_sql_mysql (module rlm_sql_mysql) loaded and linked
Sun Oct 14 12:06:20 2018 : Warning: [/etc/freeradius/mods-config/attr_filter/access_reject]:11 Check item "FreeRADIUS-Response-Delay" 	found in filter list for realm "DEFAULT". 
Sun Oct 14 12:06:20 2018 : Warning: [/etc/freeradius/mods-config/attr_filter/access_reject]:11 Check item "FreeRADIUS-Response-Delay-USec" 	found in filter list for realm "DEFAULT". 
Sun Oct 14 12:06:20 2018 : Info: rlm_sql_mysql: libmysql version: 5.7.21
Sun Oct 14 12:06:20 2018 : Info: rlm_sql (sql): Attempting to connect to database "radius"
Sun Oct 14 12:06:20 2018 : Info: rlm_sql (sql): Opening additional connection (0), 1 of 32 pending slots used
Sun Oct 14 12:06:20 2018 : Error: rlm_sql_mysql: Couldn't connect to MySQL server root@fradmin-mysql:radius
Sun Oct 14 12:06:20 2018 : Error: rlm_sql_mysql: MySQL error: Can't connect to MySQL server on 'fradmin-mysql' (111)
Sun Oct 14 12:06:20 2018 : Error: rlm_sql (sql): Opening connection failed (0)
Sun Oct 14 12:06:20 2018 : Error: /etc/freeradius/mods-enabled/sql[20]: Instantiation failed for module "sql"
Sun Oct 14 12:06:23 2018 : Info: Debug state unknown (cap_sys_ptrace capability not set)
Sun Oct 14 12:06:23 2018 : Info: rlm_sql (sql): Driver rlm_sql_mysql (module rlm_sql_mysql) loaded and linked
Sun Oct 14 12:06:23 2018 : Warning: [/etc/freeradius/mods-config/attr_filter/access_reject]:11 Check item "FreeRADIUS-Response-Delay" 	found in filter list for realm "DEFAULT". 
Sun Oct 14 12:06:23 2018 : Warning: [/etc/freeradius/mods-config/attr_filter/access_reject]:11 Check item "FreeRADIUS-Response-Delay-USec" 	found in filter list for realm "DEFAULT". 
Sun Oct 14 12:06:23 2018 : Info: rlm_sql_mysql: libmysql version: 5.7.21
Sun Oct 14 12:06:23 2018 : Info: rlm_sql (sql): Attempting to connect to database "radius"
Sun Oct 14 12:06:23 2018 : Info: rlm_sql (sql): Opening additional connection (0), 1 of 32 pending slots used
Sun Oct 14 12:06:23 2018 : Info: rlm_sql (sql): Opening additional connection (1), 1 of 31 pending slots used
Sun Oct 14 12:06:23 2018 : Info: rlm_sql (sql): Opening additional connection (2), 1 of 30 pending slots used
Sun Oct 14 12:06:23 2018 : Info: rlm_sql (sql): Opening additional connection (3), 1 of 29 pending slots used
Sun Oct 14 12:06:23 2018 : Info: rlm_sql (sql): Opening additional connection (4), 1 of 28 pending slots used
Sun Oct 14 12:06:23 2018 : Info: Loaded virtual server <default>
Sun Oct 14 12:06:23 2018 : Info: Loaded virtual server server01
Sun Oct 14 12:06:23 2018 : Info: Ready to process requests
Sun Oct 14 12:07:20 2018 : Error: Ignoring request to auth address * port 1812 bound to server server01 from unknown client 172.23.0.7 port 56034 proto udp
Sun Oct 14 12:07:25 2018 : Error: Ignoring request to auth address * port 1812 bound to server server01 from unknown client 172.23.0.7 port 56034 proto udp
Sun Oct 14 12:07:30 2018 : Error: Ignoring request to auth address * port 1812 bound to server server01 from unknown client 172.23.0.7 port 56034 proto udp
Sun Oct 14 12:10:07 2018 : Info: Debug state unknown (cap_sys_ptrace capability not set)
Sun Oct 14 12:10:07 2018 : Info: rlm_sql (sql): Driver rlm_sql_mysql (module rlm_sql_mysql) loaded and linked
Sun Oct 14 12:10:07 2018 : Warning: [/etc/freeradius/mods-config/attr_filter/access_reject]:11 Check item "FreeRADIUS-Response-Delay" 	found in filter list for realm "DEFAULT". 
Sun Oct 14 12:10:07 2018 : Warning: [/etc/freeradius/mods-config/attr_filter/access_reject]:11 Check item "FreeRADIUS-Response-Delay-USec" 	found in filter list for realm "DEFAULT". 
Sun Oct 14 12:10:07 2018 : Info: rlm_sql_mysql: libmysql version: 5.7.21
Sun Oct 14 12:10:07 2018 : Info: rlm_sql (sql): Attempting to connect to database "radius"
Sun Oct 14 12:10:07 2018 : Info: rlm_sql (sql): Opening additional connection (0), 1 of 32 pending slots used
Sun Oct 14 12:10:07 2018 : Error: rlm_sql_mysql: Couldn't connect to MySQL server root@fradmin-mysql:radius
Sun Oct 14 12:10:07 2018 : Error: rlm_sql_mysql: MySQL error: Can't connect to MySQL server on 'fradmin-mysql' (111)
Sun Oct 14 12:10:07 2018 : Error: rlm_sql (sql): Opening connection failed (0)
Sun Oct 14 12:10:07 2018 : Error: /etc/freeradius/mods-enabled/sql[20]: Instantiation failed for module "sql"
Sun Oct 14 12:10:10 2018 : Info: Debug state unknown (cap_sys_ptrace capability not set)
Sun Oct 14 12:10:10 2018 : Info: rlm_sql (sql): Driver rlm_sql_mysql (module rlm_sql_mysql) loaded and linked
Sun Oct 14 12:10:10 2018 : Warning: [/etc/freeradius/mods-config/attr_filter/access_reject]:11 Check item "FreeRADIUS-Response-Delay" 	found in filter list for realm "DEFAULT". 
Sun Oct 14 12:10:10 2018 : Warning: [/etc/freeradius/mods-config/attr_filter/access_reject]:11 Check item "FreeRADIUS-Response-Delay-USec" 	found in filter list for realm "DEFAULT". 
Sun Oct 14 12:10:10 2018 : Info: rlm_sql_mysql: libmysql version: 5.7.21
Sun Oct 14 12:10:10 2018 : Info: rlm_sql (sql): Attempting to connect to database "radius"
Sun Oct 14 12:10:10 2018 : Info: rlm_sql (sql): Opening additional connection (0), 1 of 32 pending slots used
Sun Oct 14 12:10:10 2018 : Info: rlm_sql (sql): Opening additional connection (1), 1 of 31 pending slots used
Sun Oct 14 12:10:10 2018 : Info: rlm_sql (sql): Opening additional connection (2), 1 of 30 pending slots used
Sun Oct 14 12:10:10 2018 : Info: rlm_sql (sql): Opening additional connection (3), 1 of 29 pending slots used
Sun Oct 14 12:10:10 2018 : Info: rlm_sql (sql): Opening additional connection (4), 1 of 28 pending slots used
Sun Oct 14 12:10:10 2018 : Info: Loaded virtual server <default>
Sun Oct 14 12:10:10 2018 : Info: Loaded virtual server server01
Sun Oct 14 12:10:10 2018 : Info: Ready to process requests
Sun Oct 14 12:10:12 2018 : Info: Need 5 more connections to reach 10 spares
Sun Oct 14 12:10:12 2018 : Info: rlm_sql (sql): Opening additional connection (5), 1 of 27 pending slots used
Sun Oct 14 12:11:10 2018 : Info: Need 4 more connections to reach 10 spares
Sun Oct 14 12:11:10 2018 : Info: rlm_sql (sql): Opening additional connection (6), 1 of 26 pending slots used
Sun Oct 14 12:12:00 2018 : Info: rlm_sql (sql): Closing connection (2): Hit idle_timeout, was idle for 110 seconds
Sun Oct 14 12:12:00 2018 : Info: rlm_sql (sql): Closing connection (3): Hit idle_timeout, was idle for 110 seconds
Sun Oct 14 12:12:00 2018 : Info: rlm_sql (sql): Closing connection (4): Hit idle_timeout, was idle for 110 seconds
Sun Oct 14 12:12:00 2018 : Info: rlm_sql (sql): Closing connection (0): Hit idle_timeout, was idle for 108 seconds
Sun Oct 14 12:12:00 2018 : Info: rlm_sql (sql): Closing connection (5): Hit idle_timeout, was idle for 108 seconds
Sun Oct 14 12:12:00 2018 : Info: Need 1 more connections to reach min connections (3)
Sun Oct 14 12:12:00 2018 : Info: rlm_sql (sql): Opening additional connection (7), 1 of 30 pending slots used
Sun Oct 14 12:12:26 2018 : Info: Signalled to terminate
Sun Oct 14 12:12:26 2018 : Info: Exiting normally
Sun Oct 14 12:12:26 2018 : Info: rlm_sql (sql): Closing connection (7)
Sun Oct 14 12:12:26 2018 : Info: rlm_sql (sql): Closing connection (6)
Sun Oct 14 12:12:26 2018 : Info: rlm_sql (sql): Closing connection (1)
Sun Oct 14 12:12:37 2018 : Info: Debug state unknown (cap_sys_ptrace capability not set)
Sun Oct 14 12:12:37 2018 : Info: rlm_sql (sql): Driver rlm_sql_mysql (module rlm_sql_mysql) loaded and linked
Sun Oct 14 12:12:37 2018 : Warning: [/etc/freeradius/mods-config/attr_filter/access_reject]:11 Check item "FreeRADIUS-Response-Delay" 	found in filter list for realm "DEFAULT". 
Sun Oct 14 12:12:37 2018 : Warning: [/etc/freeradius/mods-config/attr_filter/access_reject]:11 Check item "FreeRADIUS-Response-Delay-USec" 	found in filter list for realm "DEFAULT". 
Sun Oct 14 12:12:37 2018 : Info: rlm_sql_mysql: libmysql version: 5.7.21
Sun Oct 14 12:12:37 2018 : Info: rlm_sql (sql): Attempting to connect to database "radius"
Sun Oct 14 12:12:37 2018 : Info: rlm_sql (sql): Opening additional connection (0), 1 of 32 pending slots used
Sun Oct 14 12:12:37 2018 : Error: rlm_sql_mysql: Couldn't connect to MySQL server root@fradmin-mysql:radius
Sun Oct 14 12:12:37 2018 : Error: rlm_sql_mysql: MySQL error: Can't connect to MySQL server on 'fradmin-mysql' (111)
Sun Oct 14 12:12:37 2018 : Error: rlm_sql (sql): Opening connection failed (0)
Sun Oct 14 12:12:37 2018 : Error: /etc/freeradius/mods-enabled/sql[20]: Instantiation failed for module "sql"
Sun Oct 14 12:12:39 2018 : Info: Debug state unknown (cap_sys_ptrace capability not set)
Sun Oct 14 12:12:39 2018 : Info: rlm_sql (sql): Driver rlm_sql_mysql (module rlm_sql_mysql) loaded and linked
Sun Oct 14 12:12:39 2018 : Warning: [/etc/freeradius/mods-config/attr_filter/access_reject]:11 Check item "FreeRADIUS-Response-Delay" 	found in filter list for realm "DEFAULT". 
Sun Oct 14 12:12:39 2018 : Warning: [/etc/freeradius/mods-config/attr_filter/access_reject]:11 Check item "FreeRADIUS-Response-Delay-USec" 	found in filter list for realm "DEFAULT". 
Sun Oct 14 12:12:39 2018 : Info: rlm_sql_mysql: libmysql version: 5.7.21
Sun Oct 14 12:12:39 2018 : Info: rlm_sql (sql): Attempting to connect to database "radius"
Sun Oct 14 12:12:39 2018 : Info: rlm_sql (sql): Opening additional connection (0), 1 of 32 pending slots used
Sun Oct 14 12:12:39 2018 : Info: rlm_sql (sql): Opening additional connection (1), 1 of 31 pending slots used
Sun Oct 14 12:12:39 2018 : Info: rlm_sql (sql): Opening additional connection (2), 1 of 30 pending slots used
Sun Oct 14 12:12:39 2018 : Info: rlm_sql (sql): Opening additional connection (3), 1 of 29 pending slots used
Sun Oct 14 12:12:39 2018 : Info: rlm_sql (sql): Opening additional connection (4), 1 of 28 pending slots used
Sun Oct 14 12:12:39 2018 : Info: Loaded virtual server <default>
Sun Oct 14 12:12:39 2018 : Info: Loaded virtual server server01
Sun Oct 14 12:12:39 2018 : Info: Ready to process requests
Wed Oct 27 23:15:24 2021 : Info: Debug state unknown (cap_sys_ptrace capability not set)
Wed Oct 27 23:15:25 2021 : Info: rlm_sql (sql): Driver rlm_sql_mysql (module rlm_sql_mysql) loaded and linked
Wed Oct 27 23:15:25 2021 : Warning: [/etc/freeradius/mods-config/attr_filter/access_reject]:11 Check item "FreeRADIUS-Response-Delay" 	found in filter list for realm "DEFAULT". 
Wed Oct 27 23:15:25 2021 : Warning: [/etc/freeradius/mods-config/attr_filter/access_reject]:11 Check item "FreeRADIUS-Response-Delay-USec" 	found in filter list for realm "DEFAULT". 
Wed Oct 27 23:15:25 2021 : Info: rlm_sql_mysql: libmysql version: 5.7.21
Wed Oct 27 23:15:26 2021 : Info: rlm_sql (sql): Attempting to connect to database "radius"
Wed Oct 27 23:15:26 2021 : Info: rlm_sql (sql): Opening additional connection (0), 1 of 32 pending slots used
Wed Oct 27 23:15:26 2021 : Error: rlm_sql_mysql: Couldn't connect to MySQL server root@fradmin-mysql:radius
Wed Oct 27 23:15:26 2021 : Error: rlm_sql_mysql: MySQL error: Can't connect to MySQL server on 'fradmin-mysql' (111)
Wed Oct 27 23:15:26 2021 : Error: rlm_sql (sql): Opening connection failed (0)
Wed Oct 27 23:15:26 2021 : Error: /etc/freeradius/mods-enabled/sql[20]: Instantiation failed for module "sql"
Wed Oct 27 23:15:32 2021 : Info: Debug state unknown (cap_sys_ptrace capability not set)
Wed Oct 27 23:15:32 2021 : Info: rlm_sql (sql): Driver rlm_sql_mysql (module rlm_sql_mysql) loaded and linked
Wed Oct 27 23:15:32 2021 : Warning: [/etc/freeradius/mods-config/attr_filter/access_reject]:11 Check item "FreeRADIUS-Response-Delay" 	found in filter list for realm "DEFAULT". 
Wed Oct 27 23:15:32 2021 : Warning: [/etc/freeradius/mods-config/attr_filter/access_reject]:11 Check item "FreeRADIUS-Response-Delay-USec" 	found in filter list for realm "DEFAULT". 
Wed Oct 27 23:15:32 2021 : Info: rlm_sql_mysql: libmysql version: 5.7.21
Wed Oct 27 23:15:32 2021 : Info: rlm_sql (sql): Attempting to connect to database "radius"
Wed Oct 27 23:15:32 2021 : Info: rlm_sql (sql): Opening additional connection (0), 1 of 32 pending slots used
Wed Oct 27 23:15:32 2021 : Error: rlm_sql_mysql: Couldn't connect to MySQL server root@fradmin-mysql:radius
Wed Oct 27 23:15:32 2021 : Error: rlm_sql_mysql: MySQL error: Can't connect to MySQL server on 'fradmin-mysql' (111)
Wed Oct 27 23:15:32 2021 : Error: rlm_sql (sql): Opening connection failed (0)
Wed Oct 27 23:15:32 2021 : Error: /etc/freeradius/mods-enabled/sql[20]: Instantiation failed for module "sql"
Wed Oct 27 23:15:40 2021 : Info: Debug state unknown (cap_sys_ptrace capability not set)
Wed Oct 27 23:15:40 2021 : Info: rlm_sql (sql): Driver rlm_sql_mysql (module rlm_sql_mysql) loaded and linked
Wed Oct 27 23:15:40 2021 : Warning: [/etc/freeradius/mods-config/attr_filter/access_reject]:11 Check item "FreeRADIUS-Response-Delay" 	found in filter list for realm "DEFAULT". 
Wed Oct 27 23:15:40 2021 : Warning: [/etc/freeradius/mods-config/attr_filter/access_reject]:11 Check item "FreeRADIUS-Response-Delay-USec" 	found in filter list for realm "DEFAULT". 
Wed Oct 27 23:15:40 2021 : Info: rlm_sql_mysql: libmysql version: 5.7.21
Wed Oct 27 23:15:40 2021 : Info: rlm_sql (sql): Attempting to connect to database "radius"
Wed Oct 27 23:15:40 2021 : Info: rlm_sql (sql): Opening additional connection (0), 1 of 32 pending slots used
Wed Oct 27 23:15:40 2021 : Error: rlm_sql_mysql: Couldn't connect to MySQL server root@fradmin-mysql:radius
Wed Oct 27 23:15:40 2021 : Error: rlm_sql_mysql: MySQL error: Can't connect to MySQL server on 'fradmin-mysql' (111)
Wed Oct 27 23:15:40 2021 : Error: rlm_sql (sql): Opening connection failed (0)
Wed Oct 27 23:15:40 2021 : Error: /etc/freeradius/mods-enabled/sql[20]: Instantiation failed for module "sql"
Wed Oct 27 23:15:47 2021 : Info: Debug state unknown (cap_sys_ptrace capability not set)
Wed Oct 27 23:15:47 2021 : Info: rlm_sql (sql): Driver rlm_sql_mysql (module rlm_sql_mysql) loaded and linked
Wed Oct 27 23:15:47 2021 : Warning: [/etc/freeradius/mods-config/attr_filter/access_reject]:11 Check item "FreeRADIUS-Response-Delay" 	found in filter list for realm "DEFAULT". 
Wed Oct 27 23:15:47 2021 : Warning: [/etc/freeradius/mods-config/attr_filter/access_reject]:11 Check item "FreeRADIUS-Response-Delay-USec" 	found in filter list for realm "DEFAULT". 
Wed Oct 27 23:15:47 2021 : Info: rlm_sql_mysql: libmysql version: 5.7.21
Wed Oct 27 23:15:47 2021 : Info: rlm_sql (sql): Attempting to connect to database "radius"
Wed Oct 27 23:15:47 2021 : Info: rlm_sql (sql): Opening additional connection (0), 1 of 32 pending slots used
Wed Oct 27 23:15:47 2021 : Error: rlm_sql_mysql: Couldn't connect to MySQL server root@fradmin-mysql:radius
Wed Oct 27 23:15:47 2021 : Error: rlm_sql_mysql: MySQL error: Can't connect to MySQL server on 'fradmin-mysql' (111)
Wed Oct 27 23:15:47 2021 : Error: rlm_sql (sql): Opening connection failed (0)
Wed Oct 27 23:15:47 2021 : Error: /etc/freeradius/mods-enabled/sql[20]: Instantiation failed for module "sql"
Wed Oct 27 23:15:54 2021 : Info: Debug state unknown (cap_sys_ptrace capability not set)
Wed Oct 27 23:15:54 2021 : Info: rlm_sql (sql): Driver rlm_sql_mysql (module rlm_sql_mysql) loaded and linked
Wed Oct 27 23:15:54 2021 : Warning: [/etc/freeradius/mods-config/attr_filter/access_reject]:11 Check item "FreeRADIUS-Response-Delay" 	found in filter list for realm "DEFAULT". 
Wed Oct 27 23:15:54 2021 : Warning: [/etc/freeradius/mods-config/attr_filter/access_reject]:11 Check item "FreeRADIUS-Response-Delay-USec" 	found in filter list for realm "DEFAULT". 
Wed Oct 27 23:15:54 2021 : Info: rlm_sql_mysql: libmysql version: 5.7.21
Wed Oct 27 23:15:54 2021 : Info: rlm_sql (sql): Attempting to connect to database "radius"
Wed Oct 27 23:15:54 2021 : Info: rlm_sql (sql): Opening additional connection (0), 1 of 32 pending slots used
Wed Oct 27 23:15:54 2021 : Error: rlm_sql_mysql: Couldn't connect to MySQL server root@fradmin-mysql:radius
Wed Oct 27 23:15:54 2021 : Error: rlm_sql_mysql: MySQL error: Can't connect to MySQL server on 'fradmin-mysql' (111)
Wed Oct 27 23:15:54 2021 : Error: rlm_sql (sql): Opening connection failed (0)
Wed Oct 27 23:15:54 2021 : Error: /etc/freeradius/mods-enabled/sql[20]: Instantiation failed for module "sql"
Wed Oct 27 23:16:06 2021 : Error: Failed resolving "fradmin-radtest" to IPv4 address: Name or service not known
Wed Oct 27 23:16:06 2021 : Error: /etc/freeradius/clients.conf[271]: Error parsing client section
Wed Oct 27 23:18:27 2021 : Info: Debug state unknown (cap_sys_ptrace capability not set)
Wed Oct 27 23:18:29 2021 : Info: rlm_sql (sql): Driver rlm_sql_mysql (module rlm_sql_mysql) loaded and linked
Wed Oct 27 23:18:29 2021 : Warning: [/etc/freeradius/mods-config/attr_filter/access_reject]:11 Check item "FreeRADIUS-Response-Delay" 	found in filter list for realm "DEFAULT". 
Wed Oct 27 23:18:29 2021 : Warning: [/etc/freeradius/mods-config/attr_filter/access_reject]:11 Check item "FreeRADIUS-Response-Delay-USec" 	found in filter list for realm "DEFAULT". 
Wed Oct 27 23:18:29 2021 : Info: rlm_sql_mysql: libmysql version: 5.7.21
Wed Oct 27 23:18:29 2021 : Info: rlm_sql (sql): Attempting to connect to database "radius"
Wed Oct 27 23:18:29 2021 : Info: rlm_sql (sql): Opening additional connection (0), 1 of 32 pending slots used
Wed Oct 27 23:18:29 2021 : Error: rlm_sql_mysql: Couldn't connect to MySQL server root@fradmin-mysql:radius
Wed Oct 27 23:18:29 2021 : Error: rlm_sql_mysql: MySQL error: Host 'fradmin-radius.freeradius-admin_default' is not allowed to connect to this MySQL server
Wed Oct 27 23:18:29 2021 : Error: rlm_sql (sql): Opening connection failed (0)
Wed Oct 27 23:18:29 2021 : Error: /etc/freeradius/mods-enabled/sql[20]: Instantiation failed for module "sql"
Wed Oct 27 23:18:32 2021 : Info: Debug state unknown (cap_sys_ptrace capability not set)
Wed Oct 27 23:18:32 2021 : Info: rlm_sql (sql): Driver rlm_sql_mysql (module rlm_sql_mysql) loaded and linked
Wed Oct 27 23:18:32 2021 : Warning: [/etc/freeradius/mods-config/attr_filter/access_reject]:11 Check item "FreeRADIUS-Response-Delay" 	found in filter list for realm "DEFAULT". 
Wed Oct 27 23:18:32 2021 : Warning: [/etc/freeradius/mods-config/attr_filter/access_reject]:11 Check item "FreeRADIUS-Response-Delay-USec" 	found in filter list for realm "DEFAULT". 
Wed Oct 27 23:18:32 2021 : Info: rlm_sql_mysql: libmysql version: 5.7.21
Wed Oct 27 23:18:32 2021 : Info: rlm_sql (sql): Attempting to connect to database "radius"
Wed Oct 27 23:18:32 2021 : Info: rlm_sql (sql): Opening additional connection (0), 1 of 32 pending slots used
Wed Oct 27 23:18:32 2021 : Error: rlm_sql_mysql: Couldn't connect to MySQL server root@fradmin-mysql:radius
Wed Oct 27 23:18:32 2021 : Error: rlm_sql_mysql: MySQL error: Host 'fradmin-radius.freeradius-admin_default' is not allowed to connect to this MySQL server
Wed Oct 27 23:18:32 2021 : Error: rlm_sql (sql): Opening connection failed (0)
Wed Oct 27 23:18:32 2021 : Error: /etc/freeradius/mods-enabled/sql[20]: Instantiation failed for module "sql"
Wed Oct 27 23:18:35 2021 : Info: Debug state unknown (cap_sys_ptrace capability not set)
Wed Oct 27 23:18:35 2021 : Info: rlm_sql (sql): Driver rlm_sql_mysql (module rlm_sql_mysql) loaded and linked
Wed Oct 27 23:18:35 2021 : Warning: [/etc/freeradius/mods-config/attr_filter/access_reject]:11 Check item "FreeRADIUS-Response-Delay" 	found in filter list for realm "DEFAULT". 
Wed Oct 27 23:18:35 2021 : Warning: [/etc/freeradius/mods-config/attr_filter/access_reject]:11 Check item "FreeRADIUS-Response-Delay-USec" 	found in filter list for realm "DEFAULT". 
Wed Oct 27 23:18:35 2021 : Info: rlm_sql_mysql: libmysql version: 5.7.21
Wed Oct 27 23:18:35 2021 : Info: rlm_sql (sql): Attempting to connect to database "radius"
Wed Oct 27 23:18:35 2021 : Info: rlm_sql (sql): Opening additional connection (0), 1 of 32 pending slots used
Wed Oct 27 23:18:35 2021 : Error: rlm_sql_mysql: Couldn't connect to MySQL server root@fradmin-mysql:radius
Wed Oct 27 23:18:35 2021 : Error: rlm_sql_mysql: MySQL error: Host 'fradmin-radius.freeradius-admin_default' is not allowed to connect to this MySQL server
Wed Oct 27 23:18:35 2021 : Error: rlm_sql (sql): Opening connection failed (0)
Wed Oct 27 23:18:35 2021 : Error: /etc/freeradius/mods-enabled/sql[20]: Instantiation failed for module "sql"
Wed Oct 27 23:18:39 2021 : Info: Debug state unknown (cap_sys_ptrace capability not set)
Wed Oct 27 23:18:39 2021 : Info: rlm_sql (sql): Driver rlm_sql_mysql (module rlm_sql_mysql) loaded and linked
Wed Oct 27 23:18:39 2021 : Warning: [/etc/freeradius/mods-config/attr_filter/access_reject]:11 Check item "FreeRADIUS-Response-Delay" 	found in filter list for realm "DEFAULT". 
Wed Oct 27 23:18:39 2021 : Warning: [/etc/freeradius/mods-config/attr_filter/access_reject]:11 Check item "FreeRADIUS-Response-Delay-USec" 	found in filter list for realm "DEFAULT". 
Wed Oct 27 23:18:39 2021 : Info: rlm_sql_mysql: libmysql version: 5.7.21
Wed Oct 27 23:18:39 2021 : Info: rlm_sql (sql): Attempting to connect to database "radius"
Wed Oct 27 23:18:39 2021 : Info: rlm_sql (sql): Opening additional connection (0), 1 of 32 pending slots used
Wed Oct 27 23:18:39 2021 : Error: rlm_sql_mysql: Couldn't connect to MySQL server root@fradmin-mysql:radius
Wed Oct 27 23:18:39 2021 : Error: rlm_sql_mysql: MySQL error: Host 'fradmin-radius.freeradius-admin_default' is not allowed to connect to this MySQL server
Wed Oct 27 23:18:39 2021 : Error: rlm_sql (sql): Opening connection failed (0)
Wed Oct 27 23:18:39 2021 : Error: /etc/freeradius/mods-enabled/sql[20]: Instantiation failed for module "sql"
Wed Oct 27 23:18:42 2021 : Info: Debug state unknown (cap_sys_ptrace capability not set)
Wed Oct 27 23:18:42 2021 : Info: rlm_sql (sql): Driver rlm_sql_mysql (module rlm_sql_mysql) loaded and linked
Wed Oct 27 23:18:42 2021 : Warning: [/etc/freeradius/mods-config/attr_filter/access_reject]:11 Check item "FreeRADIUS-Response-Delay" 	found in filter list for realm "DEFAULT". 
Wed Oct 27 23:18:42 2021 : Warning: [/etc/freeradius/mods-config/attr_filter/access_reject]:11 Check item "FreeRADIUS-Response-Delay-USec" 	found in filter list for realm "DEFAULT". 
Wed Oct 27 23:18:42 2021 : Info: rlm_sql_mysql: libmysql version: 5.7.21
Wed Oct 27 23:18:42 2021 : Info: rlm_sql (sql): Attempting to connect to database "radius"
Wed Oct 27 23:18:42 2021 : Info: rlm_sql (sql): Opening additional connection (0), 1 of 32 pending slots used
Wed Oct 27 23:18:42 2021 : Error: rlm_sql_mysql: Couldn't connect to MySQL server root@fradmin-mysql:radius
Wed Oct 27 23:18:42 2021 : Error: rlm_sql_mysql: MySQL error: Host 'fradmin-radius.freeradius-admin_default' is not allowed to connect to this MySQL server
Wed Oct 27 23:18:42 2021 : Error: rlm_sql (sql): Opening connection failed (0)
Wed Oct 27 23:18:42 2021 : Error: /etc/freeradius/mods-enabled/sql[20]: Instantiation failed for module "sql"
Wed Oct 27 23:18:45 2021 : Info: Debug state unknown (cap_sys_ptrace capability not set)
Wed Oct 27 23:18:45 2021 : Info: rlm_sql (sql): Driver rlm_sql_mysql (module rlm_sql_mysql) loaded and linked
Wed Oct 27 23:18:45 2021 : Warning: [/etc/freeradius/mods-config/attr_filter/access_reject]:11 Check item "FreeRADIUS-Response-Delay" 	found in filter list for realm "DEFAULT". 
Wed Oct 27 23:18:45 2021 : Warning: [/etc/freeradius/mods-config/attr_filter/access_reject]:11 Check item "FreeRADIUS-Response-Delay-USec" 	found in filter list for realm "DEFAULT". 
Wed Oct 27 23:18:45 2021 : Info: rlm_sql_mysql: libmysql version: 5.7.21
Wed Oct 27 23:18:45 2021 : Info: rlm_sql (sql): Attempting to connect to database "radius"
Wed Oct 27 23:18:45 2021 : Info: rlm_sql (sql): Opening additional connection (0), 1 of 32 pending slots used
Wed Oct 27 23:18:45 2021 : Error: rlm_sql_mysql: Couldn't connect to MySQL server root@fradmin-mysql:radius
Wed Oct 27 23:18:45 2021 : Error: rlm_sql_mysql: MySQL error: Host 'fradmin-radius.freeradius-admin_default' is not allowed to connect to this MySQL server
Wed Oct 27 23:18:45 2021 : Error: rlm_sql (sql): Opening connection failed (0)
Wed Oct 27 23:18:45 2021 : Error: /etc/freeradius/mods-enabled/sql[20]: Instantiation failed for module "sql"
Wed Oct 27 23:18:50 2021 : Info: Debug state unknown (cap_sys_ptrace capability not set)
Wed Oct 27 23:18:50 2021 : Info: rlm_sql (sql): Driver rlm_sql_mysql (module rlm_sql_mysql) loaded and linked
Wed Oct 27 23:18:50 2021 : Warning: [/etc/freeradius/mods-config/attr_filter/access_reject]:11 Check item "FreeRADIUS-Response-Delay" 	found in filter list for realm "DEFAULT". 
Wed Oct 27 23:18:50 2021 : Warning: [/etc/freeradius/mods-config/attr_filter/access_reject]:11 Check item "FreeRADIUS-Response-Delay-USec" 	found in filter list for realm "DEFAULT". 
Wed Oct 27 23:18:50 2021 : Info: rlm_sql_mysql: libmysql version: 5.7.21
Wed Oct 27 23:18:50 2021 : Info: rlm_sql (sql): Attempting to connect to database "radius"
Wed Oct 27 23:18:50 2021 : Info: rlm_sql (sql): Opening additional connection (0), 1 of 32 pending slots used
Wed Oct 27 23:18:50 2021 : Error: rlm_sql_mysql: Couldn't connect to MySQL server root@fradmin-mysql:radius
Wed Oct 27 23:18:50 2021 : Error: rlm_sql_mysql: MySQL error: Host 'fradmin-radius.freeradius-admin_default' is not allowed to connect to this MySQL server
Wed Oct 27 23:18:50 2021 : Error: rlm_sql (sql): Opening connection failed (0)
Wed Oct 27 23:18:50 2021 : Error: /etc/freeradius/mods-enabled/sql[20]: Instantiation failed for module "sql"
Wed Oct 27 23:18:59 2021 : Info: Debug state unknown (cap_sys_ptrace capability not set)
Wed Oct 27 23:18:59 2021 : Info: rlm_sql (sql): Driver rlm_sql_mysql (module rlm_sql_mysql) loaded and linked
Wed Oct 27 23:18:59 2021 : Warning: [/etc/freeradius/mods-config/attr_filter/access_reject]:11 Check item "FreeRADIUS-Response-Delay" 	found in filter list for realm "DEFAULT". 
Wed Oct 27 23:18:59 2021 : Warning: [/etc/freeradius/mods-config/attr_filter/access_reject]:11 Check item "FreeRADIUS-Response-Delay-USec" 	found in filter list for realm "DEFAULT". 
Wed Oct 27 23:18:59 2021 : Info: rlm_sql_mysql: libmysql version: 5.7.21
Wed Oct 27 23:18:59 2021 : Info: rlm_sql (sql): Attempting to connect to database "radius"
Wed Oct 27 23:18:59 2021 : Info: rlm_sql (sql): Opening additional connection (0), 1 of 32 pending slots used
Wed Oct 27 23:18:59 2021 : Error: rlm_sql_mysql: Couldn't connect to MySQL server root@fradmin-mysql:radius
Wed Oct 27 23:18:59 2021 : Error: rlm_sql_mysql: MySQL error: Host 'fradmin-radius.freeradius-admin_default' is not allowed to connect to this MySQL server
Wed Oct 27 23:18:59 2021 : Error: rlm_sql (sql): Opening connection failed (0)
Wed Oct 27 23:18:59 2021 : Error: /etc/freeradius/mods-enabled/sql[20]: Instantiation failed for module "sql"
Wed Oct 27 23:19:13 2021 : Info: Debug state unknown (cap_sys_ptrace capability not set)
Wed Oct 27 23:19:13 2021 : Info: rlm_sql (sql): Driver rlm_sql_mysql (module rlm_sql_mysql) loaded and linked
Wed Oct 27 23:19:13 2021 : Warning: [/etc/freeradius/mods-config/attr_filter/access_reject]:11 Check item "FreeRADIUS-Response-Delay" 	found in filter list for realm "DEFAULT". 
Wed Oct 27 23:19:13 2021 : Warning: [/etc/freeradius/mods-config/attr_filter/access_reject]:11 Check item "FreeRADIUS-Response-Delay-USec" 	found in filter list for realm "DEFAULT". 
Wed Oct 27 23:19:13 2021 : Info: rlm_sql_mysql: libmysql version: 5.7.21
Wed Oct 27 23:19:13 2021 : Info: rlm_sql (sql): Attempting to connect to database "radius"
Wed Oct 27 23:19:13 2021 : Info: rlm_sql (sql): Opening additional connection (0), 1 of 32 pending slots used
Wed Oct 27 23:19:13 2021 : Error: rlm_sql_mysql: Couldn't connect to MySQL server root@fradmin-mysql:radius
Wed Oct 27 23:19:13 2021 : Error: rlm_sql_mysql: MySQL error: Host 'fradmin-radius.freeradius-admin_default' is not allowed to connect to this MySQL server
Wed Oct 27 23:19:13 2021 : Error: rlm_sql (sql): Opening connection failed (0)
Wed Oct 27 23:19:13 2021 : Error: /etc/freeradius/mods-enabled/sql[20]: Instantiation failed for module "sql"
Wed Oct 27 23:19:41 2021 : Info: Debug state unknown (cap_sys_ptrace capability not set)
Wed Oct 27 23:19:41 2021 : Info: rlm_sql (sql): Driver rlm_sql_mysql (module rlm_sql_mysql) loaded and linked
Wed Oct 27 23:19:41 2021 : Warning: [/etc/freeradius/mods-config/attr_filter/access_reject]:11 Check item "FreeRADIUS-Response-Delay" 	found in filter list for realm "DEFAULT". 
Wed Oct 27 23:19:41 2021 : Warning: [/etc/freeradius/mods-config/attr_filter/access_reject]:11 Check item "FreeRADIUS-Response-Delay-USec" 	found in filter list for realm "DEFAULT". 
Wed Oct 27 23:19:41 2021 : Info: rlm_sql_mysql: libmysql version: 5.7.21
Wed Oct 27 23:19:41 2021 : Info: rlm_sql (sql): Attempting to connect to database "radius"
Wed Oct 27 23:19:41 2021 : Info: rlm_sql (sql): Opening additional connection (0), 1 of 32 pending slots used
Wed Oct 27 23:19:41 2021 : Error: rlm_sql_mysql: Couldn't connect to MySQL server root@fradmin-mysql:radius
Wed Oct 27 23:19:41 2021 : Error: rlm_sql_mysql: MySQL error: Host 'fradmin-radius.freeradius-admin_default' is not allowed to connect to this MySQL server
Wed Oct 27 23:19:41 2021 : Error: rlm_sql (sql): Opening connection failed (0)
Wed Oct 27 23:19:41 2021 : Error: /etc/freeradius/mods-enabled/sql[20]: Instantiation failed for module "sql"
Wed Oct 27 23:20:36 2021 : Info: Debug state unknown (cap_sys_ptrace capability not set)
Wed Oct 27 23:20:36 2021 : Info: rlm_sql (sql): Driver rlm_sql_mysql (module rlm_sql_mysql) loaded and linked
Wed Oct 27 23:20:36 2021 : Warning: [/etc/freeradius/mods-config/attr_filter/access_reject]:11 Check item "FreeRADIUS-Response-Delay" 	found in filter list for realm "DEFAULT". 
Wed Oct 27 23:20:36 2021 : Warning: [/etc/freeradius/mods-config/attr_filter/access_reject]:11 Check item "FreeRADIUS-Response-Delay-USec" 	found in filter list for realm "DEFAULT". 
Wed Oct 27 23:20:36 2021 : Info: rlm_sql_mysql: libmysql version: 5.7.21
Wed Oct 27 23:20:36 2021 : Info: rlm_sql (sql): Attempting to connect to database "radius"
Wed Oct 27 23:20:36 2021 : Info: rlm_sql (sql): Opening additional connection (0), 1 of 32 pending slots used
Wed Oct 27 23:20:36 2021 : Error: rlm_sql_mysql: Couldn't connect to MySQL server root@fradmin-mysql:radius
Wed Oct 27 23:20:36 2021 : Error: rlm_sql_mysql: MySQL error: Host 'fradmin-radius.freeradius-admin_default' is not allowed to connect to this MySQL server
Wed Oct 27 23:20:36 2021 : Error: rlm_sql (sql): Opening connection failed (0)
Wed Oct 27 23:20:36 2021 : Error: /etc/freeradius/mods-enabled/sql[20]: Instantiation failed for module "sql"
Wed Oct 27 23:20:57 2021 : Error: Failed resolving "fradmin-radtest" to IPv4 address: Name or service not known
Wed Oct 27 23:20:57 2021 : Error: /etc/freeradius/clients.conf[271]: Error parsing client section
Wed Oct 27 23:21:01 2021 : Error: Failed resolving "fradmin-radtest" to IPv4 address: Name or service not known
Wed Oct 27 23:21:01 2021 : Error: /etc/freeradius/clients.conf[271]: Error parsing client section
Wed Oct 27 23:21:04 2021 : Error: Failed resolving "fradmin-radtest" to IPv4 address: Name or service not known
Wed Oct 27 23:21:04 2021 : Error: /etc/freeradius/clients.conf[271]: Error parsing client section
Wed Oct 27 23:21:07 2021 : Error: Failed resolving "fradmin-radtest" to IPv4 address: Name or service not known
Wed Oct 27 23:21:07 2021 : Error: /etc/freeradius/clients.conf[271]: Error parsing client section
Wed Oct 27 23:21:10 2021 : Error: Failed resolving "fradmin-radtest" to IPv4 address: Name or service not known
Wed Oct 27 23:21:10 2021 : Error: /etc/freeradius/clients.conf[271]: Error parsing client section
Wed Oct 27 23:21:13 2021 : Error: Failed resolving "fradmin-radtest" to IPv4 address: Name or service not known
Wed Oct 27 23:21:13 2021 : Error: /etc/freeradius/clients.conf[271]: Error parsing client section
Wed Oct 27 23:21:18 2021 : Error: Failed resolving "fradmin-radtest" to IPv4 address: Name or service not known
Wed Oct 27 23:21:18 2021 : Error: /etc/freeradius/clients.conf[271]: Error parsing client section
Wed Oct 27 23:21:26 2021 : Error: Failed resolving "fradmin-radtest" to IPv4 address: Name or service not known
Wed Oct 27 23:21:26 2021 : Error: /etc/freeradius/clients.conf[271]: Error parsing client section
Wed Oct 27 23:21:41 2021 : Error: Failed resolving "fradmin-radtest" to IPv4 address: Name or service not known
Wed Oct 27 23:21:41 2021 : Error: /etc/freeradius/clients.conf[271]: Error parsing client section
Wed Oct 27 23:22:08 2021 : Error: Failed resolving "fradmin-radtest" to IPv4 address: Name or service not known
Wed Oct 27 23:22:08 2021 : Error: /etc/freeradius/clients.conf[271]: Error parsing client section
Wed Oct 27 23:25:24 2021 : Info: Debug state unknown (cap_sys_ptrace capability not set)
Wed Oct 27 23:25:25 2021 : Info: rlm_sql (sql): Driver rlm_sql_mysql (module rlm_sql_mysql) loaded and linked
Wed Oct 27 23:25:25 2021 : Warning: [/etc/freeradius/mods-config/attr_filter/access_reject]:11 Check item "FreeRADIUS-Response-Delay" 	found in filter list for realm "DEFAULT". 
Wed Oct 27 23:25:25 2021 : Warning: [/etc/freeradius/mods-config/attr_filter/access_reject]:11 Check item "FreeRADIUS-Response-Delay-USec" 	found in filter list for realm "DEFAULT". 
Wed Oct 27 23:25:25 2021 : Info: rlm_sql_mysql: libmysql version: 5.7.21
Wed Oct 27 23:25:25 2021 : Info: rlm_sql (sql): Attempting to connect to database "radius"
Wed Oct 27 23:25:25 2021 : Info: rlm_sql (sql): Opening additional connection (0), 1 of 32 pending slots used
Wed Oct 27 23:25:25 2021 : Error: rlm_sql_mysql: Couldn't connect to MySQL server root@fradmin-mysql:radius
Wed Oct 27 23:25:25 2021 : Error: rlm_sql_mysql: MySQL error: Host 'fradmin-radius.freeradius-admin_default' is not allowed to connect to this MySQL server
Wed Oct 27 23:25:25 2021 : Error: rlm_sql (sql): Opening connection failed (0)
Wed Oct 27 23:25:25 2021 : Error: /etc/freeradius/mods-enabled/sql[20]: Instantiation failed for module "sql"
Wed Oct 27 23:25:29 2021 : Info: Debug state unknown (cap_sys_ptrace capability not set)
Wed Oct 27 23:25:29 2021 : Info: rlm_sql (sql): Driver rlm_sql_mysql (module rlm_sql_mysql) loaded and linked
Wed Oct 27 23:25:29 2021 : Warning: [/etc/freeradius/mods-config/attr_filter/access_reject]:11 Check item "FreeRADIUS-Response-Delay" 	found in filter list for realm "DEFAULT". 
Wed Oct 27 23:25:29 2021 : Warning: [/etc/freeradius/mods-config/attr_filter/access_reject]:11 Check item "FreeRADIUS-Response-Delay-USec" 	found in filter list for realm "DEFAULT". 
Wed Oct 27 23:25:29 2021 : Info: rlm_sql_mysql: libmysql version: 5.7.21
Wed Oct 27 23:25:29 2021 : Info: rlm_sql (sql): Attempting to connect to database "radius"
Wed Oct 27 23:25:29 2021 : Info: rlm_sql (sql): Opening additional connection (0), 1 of 32 pending slots used
Wed Oct 27 23:25:29 2021 : Error: rlm_sql_mysql: Couldn't connect to MySQL server root@fradmin-mysql:radius
Wed Oct 27 23:25:29 2021 : Error: rlm_sql_mysql: MySQL error: Host 'fradmin-radius.freeradius-admin_default' is not allowed to connect to this MySQL server
Wed Oct 27 23:25:29 2021 : Error: rlm_sql (sql): Opening connection failed (0)
Wed Oct 27 23:25:29 2021 : Error: /etc/freeradius/mods-enabled/sql[20]: Instantiation failed for module "sql"
Wed Oct 27 23:25:32 2021 : Info: Debug state unknown (cap_sys_ptrace capability not set)
Wed Oct 27 23:25:32 2021 : Info: rlm_sql (sql): Driver rlm_sql_mysql (module rlm_sql_mysql) loaded and linked
Wed Oct 27 23:25:32 2021 : Warning: [/etc/freeradius/mods-config/attr_filter/access_reject]:11 Check item "FreeRADIUS-Response-Delay" 	found in filter list for realm "DEFAULT". 
Wed Oct 27 23:25:32 2021 : Warning: [/etc/freeradius/mods-config/attr_filter/access_reject]:11 Check item "FreeRADIUS-Response-Delay-USec" 	found in filter list for realm "DEFAULT". 
Wed Oct 27 23:25:32 2021 : Info: rlm_sql_mysql: libmysql version: 5.7.21
Wed Oct 27 23:25:32 2021 : Info: rlm_sql (sql): Attempting to connect to database "radius"
Wed Oct 27 23:25:32 2021 : Info: rlm_sql (sql): Opening additional connection (0), 1 of 32 pending slots used
Wed Oct 27 23:25:32 2021 : Error: rlm_sql_mysql: Couldn't connect to MySQL server root@fradmin-mysql:radius
Wed Oct 27 23:25:32 2021 : Error: rlm_sql_mysql: MySQL error: Host 'fradmin-radius.freeradius-admin_default' is not allowed to connect to this MySQL server
Wed Oct 27 23:25:32 2021 : Error: rlm_sql (sql): Opening connection failed (0)
Wed Oct 27 23:25:32 2021 : Error: /etc/freeradius/mods-enabled/sql[20]: Instantiation failed for module "sql"
Wed Oct 27 23:25:35 2021 : Info: Debug state unknown (cap_sys_ptrace capability not set)
Wed Oct 27 23:25:35 2021 : Info: rlm_sql (sql): Driver rlm_sql_mysql (module rlm_sql_mysql) loaded and linked
Wed Oct 27 23:25:35 2021 : Warning: [/etc/freeradius/mods-config/attr_filter/access_reject]:11 Check item "FreeRADIUS-Response-Delay" 	found in filter list for realm "DEFAULT". 
Wed Oct 27 23:25:35 2021 : Warning: [/etc/freeradius/mods-config/attr_filter/access_reject]:11 Check item "FreeRADIUS-Response-Delay-USec" 	found in filter list for realm "DEFAULT". 
Wed Oct 27 23:25:35 2021 : Info: rlm_sql_mysql: libmysql version: 5.7.21
Wed Oct 27 23:25:35 2021 : Info: rlm_sql (sql): Attempting to connect to database "radius"
Wed Oct 27 23:25:35 2021 : Info: rlm_sql (sql): Opening additional connection (0), 1 of 32 pending slots used
Wed Oct 27 23:25:35 2021 : Error: rlm_sql_mysql: Couldn't connect to MySQL server root@fradmin-mysql:radius
Wed Oct 27 23:25:35 2021 : Error: rlm_sql_mysql: MySQL error: Host 'fradmin-radius.freeradius-admin_default' is not allowed to connect to this MySQL server
Wed Oct 27 23:25:35 2021 : Error: rlm_sql (sql): Opening connection failed (0)
Wed Oct 27 23:25:35 2021 : Error: /etc/freeradius/mods-enabled/sql[20]: Instantiation failed for module "sql"
Wed Oct 27 23:25:38 2021 : Info: Debug state unknown (cap_sys_ptrace capability not set)
Wed Oct 27 23:25:38 2021 : Info: rlm_sql (sql): Driver rlm_sql_mysql (module rlm_sql_mysql) loaded and linked
Wed Oct 27 23:25:38 2021 : Warning: [/etc/freeradius/mods-config/attr_filter/access_reject]:11 Check item "FreeRADIUS-Response-Delay" 	found in filter list for realm "DEFAULT". 
Wed Oct 27 23:25:38 2021 : Warning: [/etc/freeradius/mods-config/attr_filter/access_reject]:11 Check item "FreeRADIUS-Response-Delay-USec" 	found in filter list for realm "DEFAULT". 
Wed Oct 27 23:25:38 2021 : Info: rlm_sql_mysql: libmysql version: 5.7.21
Wed Oct 27 23:25:38 2021 : Info: rlm_sql (sql): Attempting to connect to database "radius"
Wed Oct 27 23:25:38 2021 : Info: rlm_sql (sql): Opening additional connection (0), 1 of 32 pending slots used
Wed Oct 27 23:25:38 2021 : Error: rlm_sql_mysql: Couldn't connect to MySQL server root@fradmin-mysql:radius
Wed Oct 27 23:25:38 2021 : Error: rlm_sql_mysql: MySQL error: Host 'fradmin-radius.freeradius-admin_default' is not allowed to connect to this MySQL server
Wed Oct 27 23:25:38 2021 : Error: rlm_sql (sql): Opening connection failed (0)
Wed Oct 27 23:25:38 2021 : Error: /etc/freeradius/mods-enabled/sql[20]: Instantiation failed for module "sql"
Wed Oct 27 23:25:41 2021 : Info: Debug state unknown (cap_sys_ptrace capability not set)
Wed Oct 27 23:25:41 2021 : Info: rlm_sql (sql): Driver rlm_sql_mysql (module rlm_sql_mysql) loaded and linked
Wed Oct 27 23:25:41 2021 : Warning: [/etc/freeradius/mods-config/attr_filter/access_reject]:11 Check item "FreeRADIUS-Response-Delay" 	found in filter list for realm "DEFAULT". 
Wed Oct 27 23:25:41 2021 : Warning: [/etc/freeradius/mods-config/attr_filter/access_reject]:11 Check item "FreeRADIUS-Response-Delay-USec" 	found in filter list for realm "DEFAULT". 
Wed Oct 27 23:25:41 2021 : Info: rlm_sql_mysql: libmysql version: 5.7.21
Wed Oct 27 23:25:41 2021 : Info: rlm_sql (sql): Attempting to connect to database "radius"
Wed Oct 27 23:25:41 2021 : Info: rlm_sql (sql): Opening additional connection (0), 1 of 32 pending slots used
Wed Oct 27 23:25:41 2021 : Error: rlm_sql_mysql: Couldn't connect to MySQL server root@fradmin-mysql:radius
Wed Oct 27 23:25:41 2021 : Error: rlm_sql_mysql: MySQL error: Host 'fradmin-radius.freeradius-admin_default' is not allowed to connect to this MySQL server
Wed Oct 27 23:25:41 2021 : Error: rlm_sql (sql): Opening connection failed (0)
Wed Oct 27 23:25:41 2021 : Error: /etc/freeradius/mods-enabled/sql[20]: Instantiation failed for module "sql"
Wed Oct 27 23:25:46 2021 : Info: Debug state unknown (cap_sys_ptrace capability not set)
Wed Oct 27 23:25:46 2021 : Info: rlm_sql (sql): Driver rlm_sql_mysql (module rlm_sql_mysql) loaded and linked
Wed Oct 27 23:25:46 2021 : Warning: [/etc/freeradius/mods-config/attr_filter/access_reject]:11 Check item "FreeRADIUS-Response-Delay" 	found in filter list for realm "DEFAULT". 
Wed Oct 27 23:25:46 2021 : Warning: [/etc/freeradius/mods-config/attr_filter/access_reject]:11 Check item "FreeRADIUS-Response-Delay-USec" 	found in filter list for realm "DEFAULT". 
Wed Oct 27 23:25:46 2021 : Info: rlm_sql_mysql: libmysql version: 5.7.21
Wed Oct 27 23:25:46 2021 : Info: rlm_sql (sql): Attempting to connect to database "radius"
Wed Oct 27 23:25:46 2021 : Info: rlm_sql (sql): Opening additional connection (0), 1 of 32 pending slots used
Wed Oct 27 23:25:46 2021 : Error: rlm_sql_mysql: Couldn't connect to MySQL server root@fradmin-mysql:radius
Wed Oct 27 23:25:46 2021 : Error: rlm_sql_mysql: MySQL error: Host 'fradmin-radius.freeradius-admin_default' is not allowed to connect to this MySQL server
Wed Oct 27 23:25:46 2021 : Error: rlm_sql (sql): Opening connection failed (0)
Wed Oct 27 23:25:46 2021 : Error: /etc/freeradius/mods-enabled/sql[20]: Instantiation failed for module "sql"
Wed Oct 27 23:25:55 2021 : Info: Debug state unknown (cap_sys_ptrace capability not set)
Wed Oct 27 23:25:55 2021 : Info: rlm_sql (sql): Driver rlm_sql_mysql (module rlm_sql_mysql) loaded and linked
Wed Oct 27 23:25:55 2021 : Warning: [/etc/freeradius/mods-config/attr_filter/access_reject]:11 Check item "FreeRADIUS-Response-Delay" 	found in filter list for realm "DEFAULT". 
Wed Oct 27 23:25:55 2021 : Warning: [/etc/freeradius/mods-config/attr_filter/access_reject]:11 Check item "FreeRADIUS-Response-Delay-USec" 	found in filter list for realm "DEFAULT". 
Wed Oct 27 23:25:55 2021 : Info: rlm_sql_mysql: libmysql version: 5.7.21
Wed Oct 27 23:25:55 2021 : Info: rlm_sql (sql): Attempting to connect to database "radius"
Wed Oct 27 23:25:55 2021 : Info: rlm_sql (sql): Opening additional connection (0), 1 of 32 pending slots used
Wed Oct 27 23:25:55 2021 : Error: rlm_sql_mysql: Couldn't connect to MySQL server root@fradmin-mysql:radius
Wed Oct 27 23:25:55 2021 : Error: rlm_sql_mysql: MySQL error: Host 'fradmin-radius.freeradius-admin_default' is not allowed to connect to this MySQL server
Wed Oct 27 23:25:55 2021 : Error: rlm_sql (sql): Opening connection failed (0)
Wed Oct 27 23:25:55 2021 : Error: /etc/freeradius/mods-enabled/sql[20]: Instantiation failed for module "sql"
Wed Oct 27 23:26:10 2021 : Info: Debug state unknown (cap_sys_ptrace capability not set)
Wed Oct 27 23:26:10 2021 : Info: rlm_sql (sql): Driver rlm_sql_mysql (module rlm_sql_mysql) loaded and linked
Wed Oct 27 23:26:10 2021 : Warning: [/etc/freeradius/mods-config/attr_filter/access_reject]:11 Check item "FreeRADIUS-Response-Delay" 	found in filter list for realm "DEFAULT". 
Wed Oct 27 23:26:10 2021 : Warning: [/etc/freeradius/mods-config/attr_filter/access_reject]:11 Check item "FreeRADIUS-Response-Delay-USec" 	found in filter list for realm "DEFAULT". 
Wed Oct 27 23:26:10 2021 : Info: rlm_sql_mysql: libmysql version: 5.7.21
Wed Oct 27 23:26:10 2021 : Info: rlm_sql (sql): Attempting to connect to database "radius"
Wed Oct 27 23:26:10 2021 : Info: rlm_sql (sql): Opening additional connection (0), 1 of 32 pending slots used
Wed Oct 27 23:26:10 2021 : Error: rlm_sql_mysql: Couldn't connect to MySQL server root@fradmin-mysql:radius
Wed Oct 27 23:26:10 2021 : Error: rlm_sql_mysql: MySQL error: Host 'fradmin-radius.freeradius-admin_default' is not allowed to connect to this MySQL server
Wed Oct 27 23:26:10 2021 : Error: rlm_sql (sql): Opening connection failed (0)
Wed Oct 27 23:26:10 2021 : Error: /etc/freeradius/mods-enabled/sql[20]: Instantiation failed for module "sql"
Wed Oct 27 23:26:38 2021 : Info: Debug state unknown (cap_sys_ptrace capability not set)
Wed Oct 27 23:26:38 2021 : Info: rlm_sql (sql): Driver rlm_sql_mysql (module rlm_sql_mysql) loaded and linked
Wed Oct 27 23:26:38 2021 : Warning: [/etc/freeradius/mods-config/attr_filter/access_reject]:11 Check item "FreeRADIUS-Response-Delay" 	found in filter list for realm "DEFAULT". 
Wed Oct 27 23:26:38 2021 : Warning: [/etc/freeradius/mods-config/attr_filter/access_reject]:11 Check item "FreeRADIUS-Response-Delay-USec" 	found in filter list for realm "DEFAULT". 
Wed Oct 27 23:26:38 2021 : Info: rlm_sql_mysql: libmysql version: 5.7.21
Wed Oct 27 23:26:38 2021 : Info: rlm_sql (sql): Attempting to connect to database "radius"
Wed Oct 27 23:26:38 2021 : Info: rlm_sql (sql): Opening additional connection (0), 1 of 32 pending slots used
Wed Oct 27 23:26:38 2021 : Error: rlm_sql_mysql: Couldn't connect to MySQL server root@fradmin-mysql:radius
Wed Oct 27 23:26:38 2021 : Error: rlm_sql_mysql: MySQL error: Host 'fradmin-radius.freeradius-admin_default' is not allowed to connect to this MySQL server
Wed Oct 27 23:26:38 2021 : Error: rlm_sql (sql): Opening connection failed (0)
Wed Oct 27 23:26:38 2021 : Error: /etc/freeradius/mods-enabled/sql[20]: Instantiation failed for module "sql"
Wed Oct 27 23:27:30 2021 : Info: Debug state unknown (cap_sys_ptrace capability not set)
Wed Oct 27 23:27:30 2021 : Info: rlm_sql (sql): Driver rlm_sql_mysql (module rlm_sql_mysql) loaded and linked
Wed Oct 27 23:27:30 2021 : Warning: [/etc/freeradius/mods-config/attr_filter/access_reject]:11 Check item "FreeRADIUS-Response-Delay" 	found in filter list for realm "DEFAULT". 
Wed Oct 27 23:27:30 2021 : Warning: [/etc/freeradius/mods-config/attr_filter/access_reject]:11 Check item "FreeRADIUS-Response-Delay-USec" 	found in filter list for realm "DEFAULT". 
Wed Oct 27 23:27:30 2021 : Info: rlm_sql_mysql: libmysql version: 5.7.21
Wed Oct 27 23:27:30 2021 : Info: rlm_sql (sql): Attempting to connect to database "radius"
Wed Oct 27 23:27:30 2021 : Info: rlm_sql (sql): Opening additional connection (0), 1 of 32 pending slots used
Wed Oct 27 23:27:30 2021 : Error: rlm_sql_mysql: Couldn't connect to MySQL server root@fradmin-mysql:radius
Wed Oct 27 23:27:30 2021 : Error: rlm_sql_mysql: MySQL error: Host 'fradmin-radius.freeradius-admin_default' is not allowed to connect to this MySQL server
Wed Oct 27 23:27:30 2021 : Error: rlm_sql (sql): Opening connection failed (0)
Wed Oct 27 23:27:30 2021 : Error: /etc/freeradius/mods-enabled/sql[20]: Instantiation failed for module "sql"
Wed Oct 27 23:31:24 2021 : Error: Failed resolving "fradmin-radtest" to IPv4 address: Name or service not known
Wed Oct 27 23:31:24 2021 : Error: /etc/freeradius/clients.conf[271]: Error parsing client section
Wed Oct 27 23:31:30 2021 : Info: Debug state unknown (cap_sys_ptrace capability not set)
Wed Oct 27 23:31:31 2021 : Info: rlm_sql (sql): Driver rlm_sql_mysql (module rlm_sql_mysql) loaded and linked
Wed Oct 27 23:31:31 2021 : Warning: [/etc/freeradius/mods-config/attr_filter/access_reject]:11 Check item "FreeRADIUS-Response-Delay" 	found in filter list for realm "DEFAULT". 
Wed Oct 27 23:31:31 2021 : Warning: [/etc/freeradius/mods-config/attr_filter/access_reject]:11 Check item "FreeRADIUS-Response-Delay-USec" 	found in filter list for realm "DEFAULT". 
Wed Oct 27 23:31:31 2021 : Info: rlm_sql_mysql: libmysql version: 5.7.21
Wed Oct 27 23:31:31 2021 : Info: rlm_sql (sql): Attempting to connect to database "radius"
Wed Oct 27 23:31:31 2021 : Info: rlm_sql (sql): Opening additional connection (0), 1 of 32 pending slots used
Wed Oct 27 23:31:31 2021 : Error: rlm_sql_mysql: Couldn't connect to MySQL server root@fradmin-mysql:radius
Wed Oct 27 23:31:31 2021 : Error: rlm_sql_mysql: MySQL error: Host 'fradmin-radius.freeradius-admin_default' is not allowed to connect to this MySQL server
Wed Oct 27 23:31:31 2021 : Error: rlm_sql (sql): Opening connection failed (0)
Wed Oct 27 23:31:31 2021 : Error: /etc/freeradius/mods-enabled/sql[20]: Instantiation failed for module "sql"
Wed Oct 27 23:31:34 2021 : Info: Debug state unknown (cap_sys_ptrace capability not set)
Wed Oct 27 23:31:34 2021 : Info: rlm_sql (sql): Driver rlm_sql_mysql (module rlm_sql_mysql) loaded and linked
Wed Oct 27 23:31:34 2021 : Warning: [/etc/freeradius/mods-config/attr_filter/access_reject]:11 Check item "FreeRADIUS-Response-Delay" 	found in filter list for realm "DEFAULT". 
Wed Oct 27 23:31:34 2021 : Warning: [/etc/freeradius/mods-config/attr_filter/access_reject]:11 Check item "FreeRADIUS-Response-Delay-USec" 	found in filter list for realm "DEFAULT". 
Wed Oct 27 23:31:34 2021 : Info: rlm_sql_mysql: libmysql version: 5.7.21
Wed Oct 27 23:31:34 2021 : Info: rlm_sql (sql): Attempting to connect to database "radius"
Wed Oct 27 23:31:34 2021 : Info: rlm_sql (sql): Opening additional connection (0), 1 of 32 pending slots used
Wed Oct 27 23:31:34 2021 : Error: rlm_sql_mysql: Couldn't connect to MySQL server root@fradmin-mysql:radius
Wed Oct 27 23:31:34 2021 : Error: rlm_sql_mysql: MySQL error: Host 'fradmin-radius.freeradius-admin_default' is not allowed to connect to this MySQL server
Wed Oct 27 23:31:34 2021 : Error: rlm_sql (sql): Opening connection failed (0)
Wed Oct 27 23:31:34 2021 : Error: /etc/freeradius/mods-enabled/sql[20]: Instantiation failed for module "sql"
Wed Oct 27 23:31:36 2021 : Info: Debug state unknown (cap_sys_ptrace capability not set)
Wed Oct 27 23:31:37 2021 : Info: rlm_sql (sql): Driver rlm_sql_mysql (module rlm_sql_mysql) loaded and linked
Wed Oct 27 23:31:37 2021 : Warning: [/etc/freeradius/mods-config/attr_filter/access_reject]:11 Check item "FreeRADIUS-Response-Delay" 	found in filter list for realm "DEFAULT". 
Wed Oct 27 23:31:37 2021 : Warning: [/etc/freeradius/mods-config/attr_filter/access_reject]:11 Check item "FreeRADIUS-Response-Delay-USec" 	found in filter list for realm "DEFAULT". 
Wed Oct 27 23:31:37 2021 : Info: rlm_sql_mysql: libmysql version: 5.7.21
Wed Oct 27 23:31:37 2021 : Info: rlm_sql (sql): Attempting to connect to database "radius"
Wed Oct 27 23:31:37 2021 : Info: rlm_sql (sql): Opening additional connection (0), 1 of 32 pending slots used
Wed Oct 27 23:31:37 2021 : Error: rlm_sql_mysql: Couldn't connect to MySQL server root@fradmin-mysql:radius
Wed Oct 27 23:31:37 2021 : Error: rlm_sql_mysql: MySQL error: Host 'fradmin-radius.freeradius-admin_default' is not allowed to connect to this MySQL server
Wed Oct 27 23:31:37 2021 : Error: rlm_sql (sql): Opening connection failed (0)
Wed Oct 27 23:31:37 2021 : Error: /etc/freeradius/mods-enabled/sql[20]: Instantiation failed for module "sql"
Wed Oct 27 23:31:39 2021 : Info: Debug state unknown (cap_sys_ptrace capability not set)
Wed Oct 27 23:31:39 2021 : Info: rlm_sql (sql): Driver rlm_sql_mysql (module rlm_sql_mysql) loaded and linked
Wed Oct 27 23:31:39 2021 : Warning: [/etc/freeradius/mods-config/attr_filter/access_reject]:11 Check item "FreeRADIUS-Response-Delay" 	found in filter list for realm "DEFAULT". 
Wed Oct 27 23:31:39 2021 : Warning: [/etc/freeradius/mods-config/attr_filter/access_reject]:11 Check item "FreeRADIUS-Response-Delay-USec" 	found in filter list for realm "DEFAULT". 
Wed Oct 27 23:31:39 2021 : Info: rlm_sql_mysql: libmysql version: 5.7.21
Wed Oct 27 23:31:39 2021 : Info: rlm_sql (sql): Attempting to connect to database "radius"
Wed Oct 27 23:31:39 2021 : Info: rlm_sql (sql): Opening additional connection (0), 1 of 32 pending slots used
Wed Oct 27 23:31:39 2021 : Error: rlm_sql_mysql: Couldn't connect to MySQL server root@fradmin-mysql:radius
Wed Oct 27 23:31:39 2021 : Error: rlm_sql_mysql: MySQL error: Host 'fradmin-radius.freeradius-admin_default' is not allowed to connect to this MySQL server
Wed Oct 27 23:31:39 2021 : Error: rlm_sql (sql): Opening connection failed (0)
Wed Oct 27 23:31:39 2021 : Error: /etc/freeradius/mods-enabled/sql[20]: Instantiation failed for module "sql"
Wed Oct 27 23:31:43 2021 : Info: Debug state unknown (cap_sys_ptrace capability not set)
Wed Oct 27 23:31:43 2021 : Info: rlm_sql (sql): Driver rlm_sql_mysql (module rlm_sql_mysql) loaded and linked
Wed Oct 27 23:31:43 2021 : Warning: [/etc/freeradius/mods-config/attr_filter/access_reject]:11 Check item "FreeRADIUS-Response-Delay" 	found in filter list for realm "DEFAULT". 
Wed Oct 27 23:31:43 2021 : Warning: [/etc/freeradius/mods-config/attr_filter/access_reject]:11 Check item "FreeRADIUS-Response-Delay-USec" 	found in filter list for realm "DEFAULT". 
Wed Oct 27 23:31:43 2021 : Info: rlm_sql_mysql: libmysql version: 5.7.21
Wed Oct 27 23:31:43 2021 : Info: rlm_sql (sql): Attempting to connect to database "radius"
Wed Oct 27 23:31:43 2021 : Info: rlm_sql (sql): Opening additional connection (0), 1 of 32 pending slots used
Wed Oct 27 23:31:43 2021 : Error: rlm_sql_mysql: Couldn't connect to MySQL server root@fradmin-mysql:radius
Wed Oct 27 23:31:43 2021 : Error: rlm_sql_mysql: MySQL error: Host 'fradmin-radius.freeradius-admin_default' is not allowed to connect to this MySQL server
Wed Oct 27 23:31:43 2021 : Error: rlm_sql (sql): Opening connection failed (0)
Wed Oct 27 23:31:43 2021 : Error: /etc/freeradius/mods-enabled/sql[20]: Instantiation failed for module "sql"
Wed Oct 27 23:31:49 2021 : Info: Debug state unknown (cap_sys_ptrace capability not set)
Wed Oct 27 23:31:49 2021 : Info: rlm_sql (sql): Driver rlm_sql_mysql (module rlm_sql_mysql) loaded and linked
Wed Oct 27 23:31:49 2021 : Warning: [/etc/freeradius/mods-config/attr_filter/access_reject]:11 Check item "FreeRADIUS-Response-Delay" 	found in filter list for realm "DEFAULT". 
Wed Oct 27 23:31:49 2021 : Warning: [/etc/freeradius/mods-config/attr_filter/access_reject]:11 Check item "FreeRADIUS-Response-Delay-USec" 	found in filter list for realm "DEFAULT". 
Wed Oct 27 23:31:49 2021 : Info: rlm_sql_mysql: libmysql version: 5.7.21
Wed Oct 27 23:31:49 2021 : Info: rlm_sql (sql): Attempting to connect to database "radius"
Wed Oct 27 23:31:49 2021 : Info: rlm_sql (sql): Opening additional connection (0), 1 of 32 pending slots used
Wed Oct 27 23:31:49 2021 : Error: rlm_sql_mysql: Couldn't connect to MySQL server root@fradmin-mysql:radius
Wed Oct 27 23:31:49 2021 : Error: rlm_sql_mysql: MySQL error: Host 'fradmin-radius.freeradius-admin_default' is not allowed to connect to this MySQL server
Wed Oct 27 23:31:49 2021 : Error: rlm_sql (sql): Opening connection failed (0)
Wed Oct 27 23:31:49 2021 : Error: /etc/freeradius/mods-enabled/sql[20]: Instantiation failed for module "sql"
Wed Oct 27 23:31:57 2021 : Info: Debug state unknown (cap_sys_ptrace capability not set)
Wed Oct 27 23:31:57 2021 : Info: rlm_sql (sql): Driver rlm_sql_mysql (module rlm_sql_mysql) loaded and linked
Wed Oct 27 23:31:57 2021 : Warning: [/etc/freeradius/mods-config/attr_filter/access_reject]:11 Check item "FreeRADIUS-Response-Delay" 	found in filter list for realm "DEFAULT". 
Wed Oct 27 23:31:57 2021 : Warning: [/etc/freeradius/mods-config/attr_filter/access_reject]:11 Check item "FreeRADIUS-Response-Delay-USec" 	found in filter list for realm "DEFAULT". 
Wed Oct 27 23:31:57 2021 : Info: rlm_sql_mysql: libmysql version: 5.7.21
Wed Oct 27 23:31:57 2021 : Info: rlm_sql (sql): Attempting to connect to database "radius"
Wed Oct 27 23:31:57 2021 : Info: rlm_sql (sql): Opening additional connection (0), 1 of 32 pending slots used
Wed Oct 27 23:31:57 2021 : Error: rlm_sql_mysql: Couldn't connect to MySQL server root@fradmin-mysql:radius
Wed Oct 27 23:31:57 2021 : Error: rlm_sql_mysql: MySQL error: Host 'fradmin-radius.freeradius-admin_default' is not allowed to connect to this MySQL server
Wed Oct 27 23:31:57 2021 : Error: rlm_sql (sql): Opening connection failed (0)
Wed Oct 27 23:31:57 2021 : Error: /etc/freeradius/mods-enabled/sql[20]: Instantiation failed for module "sql"
Wed Oct 27 23:32:11 2021 : Info: Debug state unknown (cap_sys_ptrace capability not set)
Wed Oct 27 23:32:11 2021 : Info: rlm_sql (sql): Driver rlm_sql_mysql (module rlm_sql_mysql) loaded and linked
Wed Oct 27 23:32:11 2021 : Warning: [/etc/freeradius/mods-config/attr_filter/access_reject]:11 Check item "FreeRADIUS-Response-Delay" 	found in filter list for realm "DEFAULT". 
Wed Oct 27 23:32:11 2021 : Warning: [/etc/freeradius/mods-config/attr_filter/access_reject]:11 Check item "FreeRADIUS-Response-Delay-USec" 	found in filter list for realm "DEFAULT". 
Wed Oct 27 23:32:11 2021 : Info: rlm_sql_mysql: libmysql version: 5.7.21
Wed Oct 27 23:32:11 2021 : Info: rlm_sql (sql): Attempting to connect to database "radius"
Wed Oct 27 23:32:11 2021 : Info: rlm_sql (sql): Opening additional connection (0), 1 of 32 pending slots used
Wed Oct 27 23:32:11 2021 : Error: rlm_sql_mysql: Couldn't connect to MySQL server root@fradmin-mysql:radius
Wed Oct 27 23:32:11 2021 : Error: rlm_sql_mysql: MySQL error: Host 'fradmin-radius.freeradius-admin_default' is not allowed to connect to this MySQL server
Wed Oct 27 23:32:11 2021 : Error: rlm_sql (sql): Opening connection failed (0)
Wed Oct 27 23:32:11 2021 : Error: /etc/freeradius/mods-enabled/sql[20]: Instantiation failed for module "sql"
Wed Oct 27 23:32:39 2021 : Info: Debug state unknown (cap_sys_ptrace capability not set)
Wed Oct 27 23:32:39 2021 : Info: rlm_sql (sql): Driver rlm_sql_mysql (module rlm_sql_mysql) loaded and linked
Wed Oct 27 23:32:39 2021 : Warning: [/etc/freeradius/mods-config/attr_filter/access_reject]:11 Check item "FreeRADIUS-Response-Delay" 	found in filter list for realm "DEFAULT". 
Wed Oct 27 23:32:39 2021 : Warning: [/etc/freeradius/mods-config/attr_filter/access_reject]:11 Check item "FreeRADIUS-Response-Delay-USec" 	found in filter list for realm "DEFAULT". 
Wed Oct 27 23:32:39 2021 : Info: rlm_sql_mysql: libmysql version: 5.7.21
Wed Oct 27 23:32:39 2021 : Info: rlm_sql (sql): Attempting to connect to database "radius"
Wed Oct 27 23:32:39 2021 : Info: rlm_sql (sql): Opening additional connection (0), 1 of 32 pending slots used
Wed Oct 27 23:32:39 2021 : Error: rlm_sql_mysql: Couldn't connect to MySQL server root@fradmin-mysql:radius
Wed Oct 27 23:32:39 2021 : Error: rlm_sql_mysql: MySQL error: Host 'fradmin-radius.freeradius-admin_default' is not allowed to connect to this MySQL server
Wed Oct 27 23:32:39 2021 : Error: rlm_sql (sql): Opening connection failed (0)
Wed Oct 27 23:32:39 2021 : Error: /etc/freeradius/mods-enabled/sql[20]: Instantiation failed for module "sql"
Wed Oct 27 23:33:49 2021 : Info: Debug state unknown (cap_sys_ptrace capability not set)
Wed Oct 27 23:33:50 2021 : Info: rlm_sql (sql): Driver rlm_sql_mysql (module rlm_sql_mysql) loaded and linked
Wed Oct 27 23:33:50 2021 : Warning: [/etc/freeradius/mods-config/attr_filter/access_reject]:11 Check item "FreeRADIUS-Response-Delay" 	found in filter list for realm "DEFAULT". 
Wed Oct 27 23:33:50 2021 : Warning: [/etc/freeradius/mods-config/attr_filter/access_reject]:11 Check item "FreeRADIUS-Response-Delay-USec" 	found in filter list for realm "DEFAULT". 
Wed Oct 27 23:33:50 2021 : Info: rlm_sql_mysql: libmysql version: 5.7.21
Wed Oct 27 23:33:50 2021 : Info: rlm_sql (sql): Attempting to connect to database "radius"
Wed Oct 27 23:33:50 2021 : Info: rlm_sql (sql): Opening additional connection (0), 1 of 32 pending slots used
Wed Oct 27 23:33:51 2021 : Error: rlm_sql_mysql: Couldn't connect to MySQL server root@fradmin-mysql:radius
Wed Oct 27 23:33:51 2021 : Error: rlm_sql_mysql: MySQL error: Host 'fradmin-radius.freeradius-admin_default' is not allowed to connect to this MySQL server
Wed Oct 27 23:33:51 2021 : Error: rlm_sql (sql): Opening connection failed (0)
Wed Oct 27 23:33:51 2021 : Error: /etc/freeradius/mods-enabled/sql[20]: Instantiation failed for module "sql"
Wed Oct 27 23:33:56 2021 : Info: Debug state unknown (cap_sys_ptrace capability not set)
Wed Oct 27 23:33:56 2021 : Info: rlm_sql (sql): Driver rlm_sql_mysql (module rlm_sql_mysql) loaded and linked
Wed Oct 27 23:33:56 2021 : Warning: [/etc/freeradius/mods-config/attr_filter/access_reject]:11 Check item "FreeRADIUS-Response-Delay" 	found in filter list for realm "DEFAULT". 
Wed Oct 27 23:33:56 2021 : Warning: [/etc/freeradius/mods-config/attr_filter/access_reject]:11 Check item "FreeRADIUS-Response-Delay-USec" 	found in filter list for realm "DEFAULT". 
Wed Oct 27 23:33:56 2021 : Info: rlm_sql_mysql: libmysql version: 5.7.21
Wed Oct 27 23:33:56 2021 : Info: rlm_sql (sql): Attempting to connect to database "radius"
Wed Oct 27 23:33:56 2021 : Info: rlm_sql (sql): Opening additional connection (0), 1 of 32 pending slots used
Wed Oct 27 23:33:56 2021 : Error: rlm_sql_mysql: Couldn't connect to MySQL server root@fradmin-mysql:radius
Wed Oct 27 23:33:56 2021 : Error: rlm_sql_mysql: MySQL error: Host 'fradmin-radius.freeradius-admin_default' is not allowed to connect to this MySQL server
Wed Oct 27 23:33:56 2021 : Error: rlm_sql (sql): Opening connection failed (0)
Wed Oct 27 23:33:56 2021 : Error: /etc/freeradius/mods-enabled/sql[20]: Instantiation failed for module "sql"
Wed Oct 27 23:33:59 2021 : Info: Debug state unknown (cap_sys_ptrace capability not set)
Wed Oct 27 23:33:59 2021 : Info: rlm_sql (sql): Driver rlm_sql_mysql (module rlm_sql_mysql) loaded and linked
Wed Oct 27 23:33:59 2021 : Warning: [/etc/freeradius/mods-config/attr_filter/access_reject]:11 Check item "FreeRADIUS-Response-Delay" 	found in filter list for realm "DEFAULT". 
Wed Oct 27 23:33:59 2021 : Warning: [/etc/freeradius/mods-config/attr_filter/access_reject]:11 Check item "FreeRADIUS-Response-Delay-USec" 	found in filter list for realm "DEFAULT". 
Wed Oct 27 23:33:59 2021 : Info: rlm_sql_mysql: libmysql version: 5.7.21
Wed Oct 27 23:33:59 2021 : Info: rlm_sql (sql): Attempting to connect to database "radius"
Wed Oct 27 23:33:59 2021 : Info: rlm_sql (sql): Opening additional connection (0), 1 of 32 pending slots used
Wed Oct 27 23:33:59 2021 : Error: rlm_sql_mysql: Couldn't connect to MySQL server root@fradmin-mysql:radius
Wed Oct 27 23:33:59 2021 : Error: rlm_sql_mysql: MySQL error: Host 'fradmin-radius.freeradius-admin_default' is not allowed to connect to this MySQL server
Wed Oct 27 23:33:59 2021 : Error: rlm_sql (sql): Opening connection failed (0)
Wed Oct 27 23:33:59 2021 : Error: /etc/freeradius/mods-enabled/sql[20]: Instantiation failed for module "sql"
Wed Oct 27 23:34:02 2021 : Info: Debug state unknown (cap_sys_ptrace capability not set)
Wed Oct 27 23:34:02 2021 : Info: rlm_sql (sql): Driver rlm_sql_mysql (module rlm_sql_mysql) loaded and linked
Wed Oct 27 23:34:02 2021 : Warning: [/etc/freeradius/mods-config/attr_filter/access_reject]:11 Check item "FreeRADIUS-Response-Delay" 	found in filter list for realm "DEFAULT". 
Wed Oct 27 23:34:02 2021 : Warning: [/etc/freeradius/mods-config/attr_filter/access_reject]:11 Check item "FreeRADIUS-Response-Delay-USec" 	found in filter list for realm "DEFAULT". 
Wed Oct 27 23:34:02 2021 : Info: rlm_sql_mysql: libmysql version: 5.7.21
Wed Oct 27 23:34:02 2021 : Info: rlm_sql (sql): Attempting to connect to database "radius"
Wed Oct 27 23:34:02 2021 : Info: rlm_sql (sql): Opening additional connection (0), 1 of 32 pending slots used
Wed Oct 27 23:34:02 2021 : Error: rlm_sql_mysql: Couldn't connect to MySQL server root@fradmin-mysql:radius
Wed Oct 27 23:34:02 2021 : Error: rlm_sql_mysql: MySQL error: Host 'fradmin-radius.freeradius-admin_default' is not allowed to connect to this MySQL server
Wed Oct 27 23:34:02 2021 : Error: rlm_sql (sql): Opening connection failed (0)
Wed Oct 27 23:34:02 2021 : Error: /etc/freeradius/mods-enabled/sql[20]: Instantiation failed for module "sql"
Wed Oct 27 23:34:05 2021 : Info: Debug state unknown (cap_sys_ptrace capability not set)
Wed Oct 27 23:34:05 2021 : Info: rlm_sql (sql): Driver rlm_sql_mysql (module rlm_sql_mysql) loaded and linked
Wed Oct 27 23:34:05 2021 : Warning: [/etc/freeradius/mods-config/attr_filter/access_reject]:11 Check item "FreeRADIUS-Response-Delay" 	found in filter list for realm "DEFAULT". 
Wed Oct 27 23:34:05 2021 : Warning: [/etc/freeradius/mods-config/attr_filter/access_reject]:11 Check item "FreeRADIUS-Response-Delay-USec" 	found in filter list for realm "DEFAULT". 
Wed Oct 27 23:34:05 2021 : Info: rlm_sql_mysql: libmysql version: 5.7.21
Wed Oct 27 23:34:05 2021 : Info: rlm_sql (sql): Attempting to connect to database "radius"
Wed Oct 27 23:34:05 2021 : Info: rlm_sql (sql): Opening additional connection (0), 1 of 32 pending slots used
Wed Oct 27 23:34:05 2021 : Error: rlm_sql_mysql: Couldn't connect to MySQL server root@fradmin-mysql:radius
Wed Oct 27 23:34:05 2021 : Error: rlm_sql_mysql: MySQL error: Host 'fradmin-radius.freeradius-admin_default' is not allowed to connect to this MySQL server
Wed Oct 27 23:34:05 2021 : Error: rlm_sql (sql): Opening connection failed (0)
Wed Oct 27 23:34:05 2021 : Error: /etc/freeradius/mods-enabled/sql[20]: Instantiation failed for module "sql"
Wed Oct 27 23:34:08 2021 : Info: Debug state unknown (cap_sys_ptrace capability not set)
Wed Oct 27 23:34:08 2021 : Info: rlm_sql (sql): Driver rlm_sql_mysql (module rlm_sql_mysql) loaded and linked
Wed Oct 27 23:34:08 2021 : Warning: [/etc/freeradius/mods-config/attr_filter/access_reject]:11 Check item "FreeRADIUS-Response-Delay" 	found in filter list for realm "DEFAULT". 
Wed Oct 27 23:34:08 2021 : Warning: [/etc/freeradius/mods-config/attr_filter/access_reject]:11 Check item "FreeRADIUS-Response-Delay-USec" 	found in filter list for realm "DEFAULT". 
Wed Oct 27 23:34:08 2021 : Info: rlm_sql_mysql: libmysql version: 5.7.21
Wed Oct 27 23:34:08 2021 : Info: rlm_sql (sql): Attempting to connect to database "radius"
Wed Oct 27 23:34:08 2021 : Info: rlm_sql (sql): Opening additional connection (0), 1 of 32 pending slots used
Wed Oct 27 23:34:08 2021 : Error: rlm_sql_mysql: Couldn't connect to MySQL server root@fradmin-mysql:radius
Wed Oct 27 23:34:08 2021 : Error: rlm_sql_mysql: MySQL error: Host 'fradmin-radius.freeradius-admin_default' is not allowed to connect to this MySQL server
Wed Oct 27 23:34:08 2021 : Error: rlm_sql (sql): Opening connection failed (0)
Wed Oct 27 23:34:08 2021 : Error: /etc/freeradius/mods-enabled/sql[20]: Instantiation failed for module "sql"
Wed Oct 27 23:34:13 2021 : Info: Debug state unknown (cap_sys_ptrace capability not set)
Wed Oct 27 23:34:13 2021 : Info: rlm_sql (sql): Driver rlm_sql_mysql (module rlm_sql_mysql) loaded and linked
Wed Oct 27 23:34:13 2021 : Warning: [/etc/freeradius/mods-config/attr_filter/access_reject]:11 Check item "FreeRADIUS-Response-Delay" 	found in filter list for realm "DEFAULT". 
Wed Oct 27 23:34:13 2021 : Warning: [/etc/freeradius/mods-config/attr_filter/access_reject]:11 Check item "FreeRADIUS-Response-Delay-USec" 	found in filter list for realm "DEFAULT". 
Wed Oct 27 23:34:13 2021 : Info: rlm_sql_mysql: libmysql version: 5.7.21
Wed Oct 27 23:34:13 2021 : Info: rlm_sql (sql): Attempting to connect to database "radius"
Wed Oct 27 23:34:13 2021 : Info: rlm_sql (sql): Opening additional connection (0), 1 of 32 pending slots used
Wed Oct 27 23:34:13 2021 : Error: rlm_sql_mysql: Couldn't connect to MySQL server root@fradmin-mysql:radius
Wed Oct 27 23:34:13 2021 : Error: rlm_sql_mysql: MySQL error: Host 'fradmin-radius.freeradius-admin_default' is not allowed to connect to this MySQL server
Wed Oct 27 23:34:13 2021 : Error: rlm_sql (sql): Opening connection failed (0)
Wed Oct 27 23:34:13 2021 : Error: /etc/freeradius/mods-enabled/sql[20]: Instantiation failed for module "sql"
Wed Oct 27 23:34:21 2021 : Info: Debug state unknown (cap_sys_ptrace capability not set)
Wed Oct 27 23:34:21 2021 : Info: rlm_sql (sql): Driver rlm_sql_mysql (module rlm_sql_mysql) loaded and linked
Wed Oct 27 23:34:21 2021 : Warning: [/etc/freeradius/mods-config/attr_filter/access_reject]:11 Check item "FreeRADIUS-Response-Delay" 	found in filter list for realm "DEFAULT". 
Wed Oct 27 23:34:21 2021 : Warning: [/etc/freeradius/mods-config/attr_filter/access_reject]:11 Check item "FreeRADIUS-Response-Delay-USec" 	found in filter list for realm "DEFAULT". 
Wed Oct 27 23:34:21 2021 : Info: rlm_sql_mysql: libmysql version: 5.7.21
Wed Oct 27 23:34:21 2021 : Info: rlm_sql (sql): Attempting to connect to database "radius"
Wed Oct 27 23:34:21 2021 : Info: rlm_sql (sql): Opening additional connection (0), 1 of 32 pending slots used
Wed Oct 27 23:34:21 2021 : Error: rlm_sql_mysql: Couldn't connect to MySQL server root@fradmin-mysql:radius
Wed Oct 27 23:34:21 2021 : Error: rlm_sql_mysql: MySQL error: Host 'fradmin-radius.freeradius-admin_default' is not allowed to connect to this MySQL server
Wed Oct 27 23:34:21 2021 : Error: rlm_sql (sql): Opening connection failed (0)
Wed Oct 27 23:34:21 2021 : Error: /etc/freeradius/mods-enabled/sql[20]: Instantiation failed for module "sql"
Wed Oct 27 23:39:37 2021 : Info: Debug state unknown (cap_sys_ptrace capability not set)
Wed Oct 27 23:39:38 2021 : Info: rlm_sql (sql): Driver rlm_sql_mysql (module rlm_sql_mysql) loaded and linked
Wed Oct 27 23:39:38 2021 : Warning: [/etc/freeradius/mods-config/attr_filter/access_reject]:11 Check item "FreeRADIUS-Response-Delay" 	found in filter list for realm "DEFAULT". 
Wed Oct 27 23:39:38 2021 : Warning: [/etc/freeradius/mods-config/attr_filter/access_reject]:11 Check item "FreeRADIUS-Response-Delay-USec" 	found in filter list for realm "DEFAULT". 
Wed Oct 27 23:39:38 2021 : Info: rlm_sql_mysql: libmysql version: 5.7.21
Wed Oct 27 23:39:38 2021 : Info: rlm_sql (sql): Attempting to connect to database "radius"
Wed Oct 27 23:39:38 2021 : Info: rlm_sql (sql): Opening additional connection (0), 1 of 32 pending slots used
Wed Oct 27 23:39:38 2021 : Error: rlm_sql_mysql: Couldn't connect to MySQL server root@fradmin-mysql:radius
Wed Oct 27 23:39:38 2021 : Error: rlm_sql_mysql: MySQL error: Host 'fradmin-radius.freeradius-admin_default' is not allowed to connect to this MySQL server
Wed Oct 27 23:39:38 2021 : Error: rlm_sql (sql): Opening connection failed (0)
Wed Oct 27 23:39:38 2021 : Error: /etc/freeradius/mods-enabled/sql[20]: Instantiation failed for module "sql"
Wed Oct 27 23:40:37 2021 : Info: Debug state unknown (cap_sys_ptrace capability not set)
Wed Oct 27 23:40:37 2021 : Info: rlm_sql (sql): Driver rlm_sql_mysql (module rlm_sql_mysql) loaded and linked
Wed Oct 27 23:40:37 2021 : Warning: [/etc/freeradius/mods-config/attr_filter/access_reject]:11 Check item "FreeRADIUS-Response-Delay" 	found in filter list for realm "DEFAULT". 
Wed Oct 27 23:40:37 2021 : Warning: [/etc/freeradius/mods-config/attr_filter/access_reject]:11 Check item "FreeRADIUS-Response-Delay-USec" 	found in filter list for realm "DEFAULT". 
Wed Oct 27 23:40:37 2021 : Info: rlm_sql_mysql: libmysql version: 5.7.21
Wed Oct 27 23:40:37 2021 : Info: rlm_sql (sql): Attempting to connect to database "radius"
Wed Oct 27 23:40:37 2021 : Info: rlm_sql (sql): Opening additional connection (0), 1 of 32 pending slots used
Wed Oct 27 23:40:37 2021 : Error: rlm_sql_mysql: Couldn't connect to MySQL server root@fradmin-mysql:radius
Wed Oct 27 23:40:37 2021 : Error: rlm_sql_mysql: MySQL error: Host 'fradmin-radius.freeradius-admin_default' is not allowed to connect to this MySQL server
Wed Oct 27 23:40:37 2021 : Error: rlm_sql (sql): Opening connection failed (0)
Wed Oct 27 23:40:37 2021 : Error: /etc/freeradius/mods-enabled/sql[20]: Instantiation failed for module "sql"
Wed Oct 27 23:49:36 2021 : Info: Debug state unknown (cap_sys_ptrace capability not set)
Wed Oct 27 23:49:38 2021 : Info: rlm_sql (sql): Driver rlm_sql_mysql (module rlm_sql_mysql) loaded and linked
Wed Oct 27 23:49:38 2021 : Warning: [/etc/freeradius/mods-config/attr_filter/access_reject]:11 Check item "FreeRADIUS-Response-Delay" 	found in filter list for realm "DEFAULT". 
Wed Oct 27 23:49:38 2021 : Warning: [/etc/freeradius/mods-config/attr_filter/access_reject]:11 Check item "FreeRADIUS-Response-Delay-USec" 	found in filter list for realm "DEFAULT". 
Wed Oct 27 23:49:38 2021 : Info: rlm_sql_mysql: libmysql version: 5.7.21
Wed Oct 27 23:49:38 2021 : Info: rlm_sql (sql): Attempting to connect to database "radius"
Wed Oct 27 23:49:38 2021 : Info: rlm_sql (sql): Opening additional connection (0), 1 of 32 pending slots used
Wed Oct 27 23:49:38 2021 : Error: rlm_sql_mysql: Couldn't connect to MySQL server root@fradmin-mysql:radius
Wed Oct 27 23:49:38 2021 : Error: rlm_sql_mysql: MySQL error: Can't connect to MySQL server on 'fradmin-mysql' (111)
Wed Oct 27 23:49:38 2021 : Error: rlm_sql (sql): Opening connection failed (0)
Wed Oct 27 23:49:38 2021 : Error: /etc/freeradius/mods-enabled/sql[20]: Instantiation failed for module "sql"
Wed Oct 27 23:53:27 2021 : Info: Debug state unknown (cap_sys_ptrace capability not set)
Wed Oct 27 23:53:27 2021 : Info: rlm_sql (sql): Driver rlm_sql_mysql (module rlm_sql_mysql) loaded and linked
Wed Oct 27 23:53:27 2021 : Warning: [/etc/freeradius/mods-config/attr_filter/access_reject]:11 Check item "FreeRADIUS-Response-Delay" 	found in filter list for realm "DEFAULT". 
Wed Oct 27 23:53:27 2021 : Warning: [/etc/freeradius/mods-config/attr_filter/access_reject]:11 Check item "FreeRADIUS-Response-Delay-USec" 	found in filter list for realm "DEFAULT". 
Wed Oct 27 23:53:27 2021 : Info: rlm_sql_mysql: libmysql version: 5.7.21
Wed Oct 27 23:53:27 2021 : Info: rlm_sql (sql): Attempting to connect to database "radius"
Wed Oct 27 23:53:27 2021 : Info: rlm_sql (sql): Opening additional connection (0), 1 of 32 pending slots used
Wed Oct 27 23:53:27 2021 : Info: rlm_sql (sql): Opening additional connection (1), 1 of 31 pending slots used
Wed Oct 27 23:53:27 2021 : Info: rlm_sql (sql): Opening additional connection (2), 1 of 30 pending slots used
Wed Oct 27 23:53:27 2021 : Info: rlm_sql (sql): Opening additional connection (3), 1 of 29 pending slots used
Wed Oct 27 23:53:27 2021 : Info: rlm_sql (sql): Opening additional connection (4), 1 of 28 pending slots used
Wed Oct 27 23:53:27 2021 : Info: Loaded virtual server <default>
Wed Oct 27 23:53:27 2021 : Info: Loaded virtual server server01
Wed Oct 27 23:53:27 2021 : Info: Ready to process requests
Thu Oct 28 00:02:26 2021 : Info: Debug state unknown (cap_sys_ptrace capability not set)
Thu Oct 28 00:02:26 2021 : Info: rlm_sql (sql): Driver rlm_sql_mysql (module rlm_sql_mysql) loaded and linked
Thu Oct 28 00:02:26 2021 : Warning: [/etc/freeradius/mods-config/attr_filter/access_reject]:11 Check item "FreeRADIUS-Response-Delay" 	found in filter list for realm "DEFAULT". 
Thu Oct 28 00:02:26 2021 : Warning: [/etc/freeradius/mods-config/attr_filter/access_reject]:11 Check item "FreeRADIUS-Response-Delay-USec" 	found in filter list for realm "DEFAULT". 
Thu Oct 28 00:02:26 2021 : Info: rlm_sql_mysql: libmysql version: 5.7.21
Thu Oct 28 00:02:26 2021 : Info: rlm_sql (sql): Attempting to connect to database "radius"
Thu Oct 28 00:02:26 2021 : Info: Loaded virtual server <default>
Thu Oct 28 00:02:26 2021 : Info: Loaded virtual server server01
Debug state unknown (cap_sys_ptrace capability not set)
rlm_sql (sql): Driver rlm_sql_mysql (module rlm_sql_mysql) loaded and linked
Creating attribute SQL-Group
Creating attribute Unix-Group
[/etc/freeradius/mods-config/attr_filter/access_reject]:11 Check item "FreeRADIUS-Response-Delay" 	found in filter list for realm "DEFAULT". 
[/etc/freeradius/mods-config/attr_filter/access_reject]:11 Check item "FreeRADIUS-Response-Delay-USec" 	found in filter list for realm "DEFAULT". 
rlm_cache (cache_eap): Driver rlm_cache_rbtree (module rlm_cache_rbtree) loaded and linked
rlm_detail (auth_log): 'User-Password' suppressed, will not appear in detail output
rlm_mschap (mschap): using internal authentication
rlm_sql_mysql: libmysql version: 5.7.21
rlm_sql (sql): Attempting to connect to database "radius"
rlm_sql (sql): Initialising connection pool
rlm_sql (sql): Opening additional connection (0), 1 of 32 pending slots used
rlm_sql_mysql: Starting connect to MySQL server
rlm_sql (sql): Opening additional connection (1), 1 of 31 pending slots used
rlm_sql_mysql: Starting connect to MySQL server
rlm_sql (sql): Opening additional connection (2), 1 of 30 pending slots used
rlm_sql_mysql: Starting connect to MySQL server
rlm_sql (sql): Opening additional connection (3), 1 of 29 pending slots used
rlm_sql_mysql: Starting connect to MySQL server
rlm_sql (sql): Opening additional connection (4), 1 of 28 pending slots used
rlm_sql_mysql: Starting connect to MySQL server
radiusd: #### Opening IP addresses and Ports ####
Failed binding to auth address * port 1812 bound to server server01: Address already in use 
/etc/freeradius/sites-enabled/server01[2]: Error binding to port for 0.0.0.0 port 1812
Thu Oct 28 00:03:48 2021 : Info: Signalled to terminate
Thu Oct 28 00:03:48 2021 : Info: Exiting normally
Thu Oct 28 00:03:48 2021 : Info: rlm_sql (sql): Closing connection (4)
Thu Oct 28 00:03:48 2021 : Info: rlm_sql (sql): Closing connection (3)
Thu Oct 28 00:03:48 2021 : Info: rlm_sql (sql): Closing connection (2)
Thu Oct 28 00:03:48 2021 : Info: rlm_sql (sql): Closing connection (1)
Thu Oct 28 00:03:48 2021 : Info: rlm_sql (sql): Closing connection (0)
Thu Oct 28 00:03:51 2021 : Info: Debug state unknown (cap_sys_ptrace capability not set)
Thu Oct 28 00:03:51 2021 : Info: rlm_sql (sql): Driver rlm_sql_mysql (module rlm_sql_mysql) loaded and linked
Thu Oct 28 00:03:51 2021 : Warning: [/etc/freeradius/mods-config/attr_filter/access_reject]:11 Check item "FreeRADIUS-Response-Delay" 	found in filter list for realm "DEFAULT". 
Thu Oct 28 00:03:51 2021 : Warning: [/etc/freeradius/mods-config/attr_filter/access_reject]:11 Check item "FreeRADIUS-Response-Delay-USec" 	found in filter list for realm "DEFAULT". 
Thu Oct 28 00:03:51 2021 : Info: rlm_sql_mysql: libmysql version: 5.7.21
Thu Oct 28 00:03:51 2021 : Info: rlm_sql (sql): Attempting to connect to database "radius"
Thu Oct 28 00:03:51 2021 : Info: rlm_sql (sql): Opening additional connection (0), 1 of 32 pending slots used
Thu Oct 28 00:03:51 2021 : Info: rlm_sql (sql): Opening additional connection (1), 1 of 31 pending slots used
Thu Oct 28 00:03:51 2021 : Info: rlm_sql (sql): Opening additional connection (2), 1 of 30 pending slots used
Thu Oct 28 00:03:51 2021 : Info: rlm_sql (sql): Opening additional connection (3), 1 of 29 pending slots used
Thu Oct 28 00:03:51 2021 : Info: rlm_sql (sql): Opening additional connection (4), 1 of 28 pending slots used
Thu Oct 28 00:03:51 2021 : Info: Loaded virtual server <default>
Thu Oct 28 00:03:51 2021 : Info: Loaded virtual server server01
Thu Oct 28 00:03:51 2021 : Info: Ready to process requests
Thu Oct 28 00:12:49 2021 : Info: Signalled to terminate
Thu Oct 28 00:12:49 2021 : Info: Exiting normally
Thu Oct 28 00:12:49 2021 : Info: rlm_sql (sql): Closing connection (4)
Thu Oct 28 00:12:49 2021 : Info: rlm_sql (sql): Closing connection (3)
Thu Oct 28 00:12:49 2021 : Info: rlm_sql (sql): Closing connection (2)
Thu Oct 28 00:12:49 2021 : Info: rlm_sql (sql): Closing connection (1)
Thu Oct 28 00:12:49 2021 : Info: rlm_sql (sql): Closing connection (0)
Thu Oct 28 00:13:19 2021 : Info: Debug state unknown (cap_sys_ptrace capability not set)
Thu Oct 28 00:13:20 2021 : Info: rlm_sql (sql): Driver rlm_sql_mysql (module rlm_sql_mysql) loaded and linked
Thu Oct 28 00:13:20 2021 : Warning: [/etc/freeradius/mods-config/attr_filter/access_reject]:11 Check item "FreeRADIUS-Response-Delay" 	found in filter list for realm "DEFAULT". 
Thu Oct 28 00:13:20 2021 : Warning: [/etc/freeradius/mods-config/attr_filter/access_reject]:11 Check item "FreeRADIUS-Response-Delay-USec" 	found in filter list for realm "DEFAULT". 
Thu Oct 28 00:13:20 2021 : Info: rlm_sql_mysql: libmysql version: 5.7.21
Thu Oct 28 00:13:20 2021 : Info: rlm_sql (sql): Attempting to connect to database "radius"
Thu Oct 28 00:13:20 2021 : Info: rlm_sql (sql): Opening additional connection (0), 1 of 32 pending slots used
Thu Oct 28 00:13:20 2021 : Info: rlm_sql (sql): Opening additional connection (1), 1 of 31 pending slots used
Thu Oct 28 00:13:20 2021 : Info: rlm_sql (sql): Opening additional connection (2), 1 of 30 pending slots used
Thu Oct 28 00:13:20 2021 : Info: rlm_sql (sql): Opening additional connection (3), 1 of 29 pending slots used
Thu Oct 28 00:13:20 2021 : Info: rlm_sql (sql): Opening additional connection (4), 1 of 28 pending slots used
Thu Oct 28 00:13:20 2021 : Info: Loaded virtual server <default>
Thu Oct 28 00:13:20 2021 : Info: Loaded virtual server server01
Thu Oct 28 00:13:20 2021 : Info: Ready to process requests
Thu Oct 28 00:54:52 2021 : Info: Debug state unknown (cap_sys_ptrace capability not set)
Thu Oct 28 00:54:52 2021 : Info: rlm_sql (sql): Driver rlm_sql_mysql (module rlm_sql_mysql) loaded and linked
Thu Oct 28 00:54:52 2021 : Warning: [/etc/freeradius/mods-config/attr_filter/access_reject]:11 Check item "FreeRADIUS-Response-Delay" 	found in filter list for realm "DEFAULT". 
Thu Oct 28 00:54:52 2021 : Warning: [/etc/freeradius/mods-config/attr_filter/access_reject]:11 Check item "FreeRADIUS-Response-Delay-USec" 	found in filter list for realm "DEFAULT". 
Thu Oct 28 00:54:52 2021 : Info: rlm_sql_mysql: libmysql version: 5.7.21
Thu Oct 28 00:54:52 2021 : Info: rlm_sql (sql): Attempting to connect to database "radius"
Thu Oct 28 00:54:52 2021 : Info: Loaded virtual server <default>
Thu Oct 28 00:54:52 2021 : Info: Loaded virtual server server01
Thu Oct 28 01:06:09 2021 : Info: Signalled to terminate
Thu Oct 28 01:06:09 2021 : Info: Exiting normally
Thu Oct 28 01:06:09 2021 : Info: rlm_sql (sql): Closing connection (4)
Thu Oct 28 01:06:09 2021 : Info: rlm_sql (sql): Closing connection (3)
Thu Oct 28 01:06:09 2021 : Info: rlm_sql (sql): Closing connection (2)
Thu Oct 28 01:06:09 2021 : Info: rlm_sql (sql): Closing connection (1)
Thu Oct 28 01:06:09 2021 : Info: rlm_sql (sql): Closing connection (0)
Thu Oct 28 01:06:23 2021 : Error: Failed resolving "fradmin-radtest" to IPv4 address: Name or service not known
Thu Oct 28 01:06:23 2021 : Error: /etc/freeradius/clients.conf[271]: Error parsing client section
Thu Oct 28 01:11:30 2021 : Info: Debug state unknown (cap_sys_ptrace capability not set)
Thu Oct 28 01:11:30 2021 : Info: rlm_sql (sql): Driver rlm_sql_mysql (module rlm_sql_mysql) loaded and linked
Thu Oct 28 01:11:30 2021 : Warning: [/etc/freeradius/mods-config/attr_filter/access_reject]:11 Check item "FreeRADIUS-Response-Delay" 	found in filter list for realm "DEFAULT". 
Thu Oct 28 01:11:30 2021 : Warning: [/etc/freeradius/mods-config/attr_filter/access_reject]:11 Check item "FreeRADIUS-Response-Delay-USec" 	found in filter list for realm "DEFAULT". 
Thu Oct 28 01:11:30 2021 : Info: rlm_sql_mysql: libmysql version: 5.7.21
Thu Oct 28 01:11:30 2021 : Info: rlm_sql (sql): Attempting to connect to database "radius"
Thu Oct 28 01:11:30 2021 : Info: rlm_sql (sql): Opening additional connection (0), 1 of 32 pending slots used
Thu Oct 28 01:11:30 2021 : Info: rlm_sql (sql): Opening additional connection (1), 1 of 31 pending slots used
Thu Oct 28 01:11:30 2021 : Info: rlm_sql (sql): Opening additional connection (2), 1 of 30 pending slots used
Thu Oct 28 01:11:30 2021 : Info: rlm_sql (sql): Opening additional connection (3), 1 of 29 pending slots used
Thu Oct 28 01:11:30 2021 : Info: rlm_sql (sql): Opening additional connection (4), 1 of 28 pending slots used
Thu Oct 28 01:11:30 2021 : Info: Loaded virtual server <default>
Thu Oct 28 01:11:30 2021 : Info: Loaded virtual server server01
Thu Oct 28 01:11:30 2021 : Info: Ready to process requests
Thu Oct 28 01:13:09 2021 : Info: rlm_sql (sql): Closing connection (0): Hit idle_timeout, was idle for 99 seconds
Thu Oct 28 01:13:09 2021 : Info: rlm_sql (sql): Closing connection (1): Hit idle_timeout, was idle for 99 seconds
Thu Oct 28 01:13:09 2021 : Info: rlm_sql (sql): Closing connection (2): Hit idle_timeout, was idle for 99 seconds
Thu Oct 28 01:13:09 2021 : Info: rlm_sql (sql): Closing connection (3): Hit idle_timeout, was idle for 99 seconds
Thu Oct 28 01:13:09 2021 : Info: rlm_sql (sql): Closing connection (4): Hit idle_timeout, was idle for 99 seconds
Thu Oct 28 01:13:09 2021 : Info: rlm_sql (sql): Opening additional connection (5), 1 of 32 pending slots used
Thu Oct 28 01:13:09 2021 : Info: Need 2 more connections to reach min connections (3)
Thu Oct 28 01:13:09 2021 : Info: rlm_sql (sql): Opening additional connection (6), 1 of 31 pending slots used
Thu Oct 28 01:13:13 2021 : Info: Dropping packet without response because of error: Received packet from 127.0.0.1 with invalid Message-Authenticator!  (Shared secret is incorrect.)
Thu Oct 28 01:13:18 2021 : Info: Dropping packet without response because of error: Received packet from 127.0.0.1 with invalid Message-Authenticator!  (Shared secret is incorrect.)
Thu Oct 28 01:13:21 2021 : Info: Need 1 more connections to reach min connections (3)
Thu Oct 28 01:13:21 2021 : Info: rlm_sql (sql): Opening additional connection (7), 1 of 30 pending slots used
Thu Oct 28 01:16:24 2021 : Info: rlm_sql (sql): Closing connection (6): Hit idle_timeout, was idle for 183 seconds
Thu Oct 28 01:16:24 2021 : Info: rlm_sql (sql): Closing connection (7): Hit idle_timeout, was idle for 183 seconds
Thu Oct 28 01:16:24 2021 : Info: rlm_sql (sql): Closing connection (5): Hit idle_timeout, was idle for 183 seconds
Thu Oct 28 01:16:24 2021 : Info: rlm_sql (sql): Opening additional connection (8), 1 of 32 pending slots used
Thu Oct 28 01:16:24 2021 : Info: Need 2 more connections to reach min connections (3)
Thu Oct 28 01:16:24 2021 : Info: rlm_sql (sql): Opening additional connection (9), 1 of 31 pending slots used
Thu Oct 28 01:44:27 2021 : Info: Signalled to terminate
Thu Oct 28 01:44:27 2021 : Info: Exiting normally
Thu Oct 28 01:44:27 2021 : Info: rlm_sql (sql): Closing connection (9)
Thu Oct 28 01:44:27 2021 : Info: rlm_sql (sql): Closing connection (8)
Thu Oct 28 01:45:12 2021 : Info: Debug state unknown (cap_sys_ptrace capability not set)
Thu Oct 28 01:45:13 2021 : Info: rlm_sql (sql): Driver rlm_sql_mysql (module rlm_sql_mysql) loaded and linked
Thu Oct 28 01:45:13 2021 : Warning: [/etc/freeradius/mods-config/attr_filter/access_reject]:11 Check item "FreeRADIUS-Response-Delay" 	found in filter list for realm "DEFAULT". 
Thu Oct 28 01:45:13 2021 : Warning: [/etc/freeradius/mods-config/attr_filter/access_reject]:11 Check item "FreeRADIUS-Response-Delay-USec" 	found in filter list for realm "DEFAULT". 
Thu Oct 28 01:45:13 2021 : Info: rlm_sql_mysql: libmysql version: 5.7.21
Thu Oct 28 01:45:13 2021 : Info: rlm_sql (sql): Attempting to connect to database "radius"
Thu Oct 28 01:45:13 2021 : Info: rlm_sql (sql): Opening additional connection (0), 1 of 32 pending slots used
Thu Oct 28 01:45:13 2021 : Info: rlm_sql (sql): Opening additional connection (1), 1 of 31 pending slots used
Thu Oct 28 01:45:13 2021 : Info: rlm_sql (sql): Opening additional connection (2), 1 of 30 pending slots used
Thu Oct 28 01:45:13 2021 : Info: rlm_sql (sql): Opening additional connection (3), 1 of 29 pending slots used
Thu Oct 28 01:45:13 2021 : Info: rlm_sql (sql): Opening additional connection (4), 1 of 28 pending slots used
Thu Oct 28 01:45:13 2021 : Info: Loaded virtual server <default>
Thu Oct 28 01:45:13 2021 : Info: Loaded virtual server server01
Thu Oct 28 01:45:13 2021 : Info: Ready to process requests
